2019-04-29 04:31:01,033:INFO: Loading the datasets...
2019-04-29 04:31:01,038:INFO: - done.
2019-04-29 04:31:02,975:INFO: Starting training for 100 epoch(s)
2019-04-29 04:31:02,975:INFO: Epoch 1/100
2019-04-29 04:32:22,473:INFO: - Train metrics: psnr: 13.52857 ; ssim: 0.33015 ; loss: 0.10924
2019-04-29 04:32:39,937:INFO: - Eval metrics : psnr: 17.84934 ; ssim: 0.60367 ; loss: 0.01678
2019-04-29 04:32:39,945:INFO: - Found new best validation metric
2019-04-29 04:32:39,946:INFO: Epoch 2/100
2019-04-29 04:33:57,588:INFO: - Train metrics: psnr: 20.53161 ; ssim: 0.70335 ; loss: 0.00906
2019-04-29 04:34:15,082:INFO: - Eval metrics : psnr: 21.74917 ; ssim: 0.73684 ; loss: 0.00675
2019-04-29 04:34:15,090:INFO: - Found new best validation metric
2019-04-29 04:34:15,091:INFO: Epoch 3/100
2019-04-29 04:35:31,684:INFO: - Train metrics: psnr: 23.50006 ; ssim: 0.78675 ; loss: 0.00456
2019-04-29 04:35:48,958:INFO: - Eval metrics : psnr: 23.83060 ; ssim: 0.78879 ; loss: 0.00419
2019-04-29 04:35:48,966:INFO: - Found new best validation metric
2019-04-29 04:35:48,966:INFO: Epoch 4/100
2019-04-29 04:37:06,078:INFO: - Train metrics: psnr: 25.15008 ; ssim: 0.80727 ; loss: 0.00310
2019-04-29 04:37:23,492:INFO: - Eval metrics : psnr: 24.64194 ; ssim: 0.81613 ; loss: 0.00349
2019-04-29 04:37:23,500:INFO: - Found new best validation metric
2019-04-29 04:37:23,501:INFO: Epoch 5/100
2019-04-29 04:38:40,929:INFO: - Train metrics: psnr: 24.72423 ; ssim: 0.81711 ; loss: 0.00340
2019-04-29 04:38:58,229:INFO: - Eval metrics : psnr: 25.14059 ; ssim: 0.82759 ; loss: 0.00312
2019-04-29 04:38:58,237:INFO: - Found new best validation metric
2019-04-29 04:38:58,238:INFO: Epoch 6/100
2019-04-29 04:40:15,349:INFO: - Train metrics: psnr: 25.31820 ; ssim: 0.82979 ; loss: 0.00305
2019-04-29 04:40:32,487:INFO: - Eval metrics : psnr: 25.47955 ; ssim: 0.83507 ; loss: 0.00289
2019-04-29 04:40:32,495:INFO: - Found new best validation metric
2019-04-29 04:40:32,495:INFO: Epoch 7/100
2019-04-29 04:41:49,830:INFO: - Train metrics: psnr: 25.81439 ; ssim: 0.84699 ; loss: 0.00266
2019-04-29 04:42:07,427:INFO: - Eval metrics : psnr: 25.63760 ; ssim: 0.84088 ; loss: 0.00279
2019-04-29 04:42:07,435:INFO: - Found new best validation metric
2019-04-29 04:42:07,435:INFO: Epoch 8/100
2019-04-29 04:43:24,482:INFO: - Train metrics: psnr: 25.66884 ; ssim: 0.84652 ; loss: 0.00273
2019-04-29 04:43:41,856:INFO: - Eval metrics : psnr: 26.04030 ; ssim: 0.85073 ; loss: 0.00255
2019-04-29 04:43:41,865:INFO: - Found new best validation metric
2019-04-29 04:43:41,865:INFO: Epoch 9/100
2019-04-29 04:44:59,063:INFO: - Train metrics: psnr: 25.65844 ; ssim: 0.84794 ; loss: 0.00273
2019-04-29 04:45:16,556:INFO: - Eval metrics : psnr: 26.19276 ; ssim: 0.85087 ; loss: 0.00246
2019-04-29 04:45:16,564:INFO: - Found new best validation metric
2019-04-29 04:45:16,565:INFO: Epoch 10/100
2019-04-29 04:46:33,763:INFO: - Train metrics: psnr: 26.76672 ; ssim: 0.85757 ; loss: 0.00213
2019-04-29 04:46:51,544:INFO: - Eval metrics : psnr: 26.46144 ; ssim: 0.86083 ; loss: 0.00232
2019-04-29 04:46:51,552:INFO: - Found new best validation metric
2019-04-29 04:46:51,552:INFO: Epoch 11/100
2019-04-29 04:48:08,716:INFO: - Train metrics: psnr: 26.29573 ; ssim: 0.86048 ; loss: 0.00237
2019-04-29 04:48:26,545:INFO: - Eval metrics : psnr: 26.53626 ; ssim: 0.86226 ; loss: 0.00228
2019-04-29 04:48:26,554:INFO: - Found new best validation metric
2019-04-29 04:48:26,554:INFO: Epoch 12/100
2019-04-29 04:49:43,729:INFO: - Train metrics: psnr: 26.96063 ; ssim: 0.86963 ; loss: 0.00202
2019-04-29 04:50:01,039:INFO: - Eval metrics : psnr: 26.56445 ; ssim: 0.86317 ; loss: 0.00227
2019-04-29 04:50:01,047:INFO: - Found new best validation metric
2019-04-29 04:50:01,048:INFO: Epoch 13/100
2019-04-29 04:51:18,301:INFO: - Train metrics: psnr: 26.74034 ; ssim: 0.86570 ; loss: 0.00213
2019-04-29 04:51:35,993:INFO: - Eval metrics : psnr: 26.58626 ; ssim: 0.86356 ; loss: 0.00225
2019-04-29 04:51:36,001:INFO: - Found new best validation metric
2019-04-29 04:51:36,002:INFO: Epoch 14/100
2019-04-29 04:52:53,252:INFO: - Train metrics: psnr: 26.40604 ; ssim: 0.85940 ; loss: 0.00234
2019-04-29 04:53:10,976:INFO: - Eval metrics : psnr: 26.61486 ; ssim: 0.86428 ; loss: 0.00224
2019-04-29 04:53:10,984:INFO: - Found new best validation metric
2019-04-29 04:53:10,984:INFO: Epoch 15/100
2019-04-29 04:54:28,301:INFO: - Train metrics: psnr: 26.81719 ; ssim: 0.86466 ; loss: 0.00214
2019-04-29 04:54:45,887:INFO: - Eval metrics : psnr: 26.62991 ; ssim: 0.86487 ; loss: 0.00223
2019-04-29 04:54:45,895:INFO: - Found new best validation metric
2019-04-29 04:54:45,896:INFO: Epoch 16/100
2019-04-29 04:56:03,403:INFO: - Train metrics: psnr: 26.71924 ; ssim: 0.86806 ; loss: 0.00217
2019-04-29 04:56:21,240:INFO: - Eval metrics : psnr: 26.67140 ; ssim: 0.86546 ; loss: 0.00221
2019-04-29 04:56:21,248:INFO: - Found new best validation metric
2019-04-29 04:56:21,249:INFO: Epoch 17/100
2019-04-29 04:57:38,545:INFO: - Train metrics: psnr: 27.05698 ; ssim: 0.86911 ; loss: 0.00200
2019-04-29 04:57:55,942:INFO: - Eval metrics : psnr: 26.70847 ; ssim: 0.86613 ; loss: 0.00219
2019-04-29 04:57:55,950:INFO: - Found new best validation metric
2019-04-29 04:57:55,951:INFO: Epoch 18/100
2019-04-29 04:59:13,001:INFO: - Train metrics: psnr: 26.99556 ; ssim: 0.86036 ; loss: 0.00202
2019-04-29 04:59:30,356:INFO: - Eval metrics : psnr: 26.73902 ; ssim: 0.86714 ; loss: 0.00218
2019-04-29 04:59:30,365:INFO: - Found new best validation metric
2019-04-29 04:59:30,365:INFO: Epoch 19/100
2019-04-29 05:00:47,588:INFO: - Train metrics: psnr: 26.87767 ; ssim: 0.86907 ; loss: 0.00207
2019-04-29 05:01:04,449:INFO: - Eval metrics : psnr: 26.77009 ; ssim: 0.86719 ; loss: 0.00216
2019-04-29 05:01:04,457:INFO: - Found new best validation metric
2019-04-29 05:01:04,458:INFO: Epoch 20/100
2019-04-29 05:02:22,087:INFO: - Train metrics: psnr: 26.74653 ; ssim: 0.86092 ; loss: 0.00215
2019-04-29 05:02:38,964:INFO: - Eval metrics : psnr: 26.80837 ; ssim: 0.86875 ; loss: 0.00214
2019-04-29 05:02:38,972:INFO: - Found new best validation metric
2019-04-29 05:02:38,973:INFO: Epoch 21/100
2019-04-29 05:03:56,185:INFO: - Train metrics: psnr: 27.05388 ; ssim: 0.86880 ; loss: 0.00198
2019-04-29 05:04:13,977:INFO: - Eval metrics : psnr: 26.83876 ; ssim: 0.86945 ; loss: 0.00213
2019-04-29 05:04:13,985:INFO: - Found new best validation metric
2019-04-29 05:04:13,986:INFO: Epoch 22/100
2019-04-29 05:05:31,396:INFO: - Train metrics: psnr: 26.80197 ; ssim: 0.86799 ; loss: 0.00214
2019-04-29 05:05:49,072:INFO: - Eval metrics : psnr: 26.88690 ; ssim: 0.87037 ; loss: 0.00211
2019-04-29 05:05:49,080:INFO: - Found new best validation metric
2019-04-29 05:05:49,081:INFO: Epoch 23/100
2019-04-29 05:07:06,666:INFO: - Train metrics: psnr: 26.62229 ; ssim: 0.87027 ; loss: 0.00220
2019-04-29 05:07:24,448:INFO: - Eval metrics : psnr: 26.90981 ; ssim: 0.87108 ; loss: 0.00209
2019-04-29 05:07:24,456:INFO: - Found new best validation metric
2019-04-29 05:07:24,456:INFO: Epoch 24/100
2019-04-29 05:08:41,565:INFO: - Train metrics: psnr: 27.58339 ; ssim: 0.87481 ; loss: 0.00178
2019-04-29 05:08:59,519:INFO: - Eval metrics : psnr: 26.96716 ; ssim: 0.87205 ; loss: 0.00207
2019-04-29 05:08:59,527:INFO: - Found new best validation metric
2019-04-29 05:08:59,528:INFO: Epoch 25/100
2019-04-29 05:10:16,747:INFO: - Train metrics: psnr: 27.37444 ; ssim: 0.87283 ; loss: 0.00186
2019-04-29 05:10:34,877:INFO: - Eval metrics : psnr: 26.98857 ; ssim: 0.87266 ; loss: 0.00206
2019-04-29 05:10:34,885:INFO: - Found new best validation metric
2019-04-29 05:10:34,886:INFO: Epoch 26/100
2019-04-29 05:11:52,145:INFO: - Train metrics: psnr: 27.92153 ; ssim: 0.87965 ; loss: 0.00164
2019-04-29 05:12:09,730:INFO: - Eval metrics : psnr: 27.04173 ; ssim: 0.87417 ; loss: 0.00203
2019-04-29 05:12:09,739:INFO: - Found new best validation metric
2019-04-29 05:12:09,739:INFO: Epoch 27/100
2019-04-29 05:13:27,406:INFO: - Train metrics: psnr: 27.21462 ; ssim: 0.86632 ; loss: 0.00194
2019-04-29 05:13:45,008:INFO: - Eval metrics : psnr: 27.10414 ; ssim: 0.87463 ; loss: 0.00200
2019-04-29 05:13:45,016:INFO: - Found new best validation metric
2019-04-29 05:13:45,016:INFO: Epoch 28/100
2019-04-29 05:15:02,645:INFO: - Train metrics: psnr: 27.72971 ; ssim: 0.87410 ; loss: 0.00171
2019-04-29 05:15:20,568:INFO: - Eval metrics : psnr: 27.15188 ; ssim: 0.87534 ; loss: 0.00198
2019-04-29 05:15:20,576:INFO: - Found new best validation metric
2019-04-29 05:15:20,577:INFO: Epoch 29/100
2019-04-29 05:16:37,772:INFO: - Train metrics: psnr: 27.10919 ; ssim: 0.87272 ; loss: 0.00195
2019-04-29 05:16:55,538:INFO: - Eval metrics : psnr: 27.19374 ; ssim: 0.87608 ; loss: 0.00196
2019-04-29 05:16:55,546:INFO: - Found new best validation metric
2019-04-29 05:16:55,546:INFO: Epoch 30/100
2019-04-29 05:18:12,975:INFO: - Train metrics: psnr: 26.69896 ; ssim: 0.87241 ; loss: 0.00220
2019-04-29 05:18:30,594:INFO: - Eval metrics : psnr: 27.23153 ; ssim: 0.87695 ; loss: 0.00195
2019-04-29 05:18:30,602:INFO: - Found new best validation metric
2019-04-29 05:18:30,602:INFO: Epoch 31/100
2019-04-29 05:19:48,154:INFO: - Train metrics: psnr: 28.31787 ; ssim: 0.88158 ; loss: 0.00149
2019-04-29 05:20:06,099:INFO: - Eval metrics : psnr: 27.24319 ; ssim: 0.87700 ; loss: 0.00194
2019-04-29 05:20:06,107:INFO: - Found new best validation metric
2019-04-29 05:20:06,108:INFO: Epoch 32/100
2019-04-29 05:21:23,482:INFO: - Train metrics: psnr: 27.66898 ; ssim: 0.88020 ; loss: 0.00173
2019-04-29 05:21:41,584:INFO: - Eval metrics : psnr: 27.24817 ; ssim: 0.87717 ; loss: 0.00194
2019-04-29 05:21:41,592:INFO: - Found new best validation metric
2019-04-29 05:21:41,593:INFO: Epoch 33/100
2019-04-29 05:22:59,019:INFO: - Train metrics: psnr: 27.26626 ; ssim: 0.88472 ; loss: 0.00191
2019-04-29 05:23:16,944:INFO: - Eval metrics : psnr: 27.25377 ; ssim: 0.87711 ; loss: 0.00194
2019-04-29 05:23:16,953:INFO: - Found new best validation metric
2019-04-29 05:23:16,953:INFO: Epoch 34/100
2019-04-29 05:24:34,356:INFO: - Train metrics: psnr: 26.86077 ; ssim: 0.86882 ; loss: 0.00209
2019-04-29 05:24:52,191:INFO: - Eval metrics : psnr: 27.25755 ; ssim: 0.87736 ; loss: 0.00194
2019-04-29 05:24:52,199:INFO: - Found new best validation metric
2019-04-29 05:24:52,199:INFO: Epoch 35/100
2019-04-29 05:26:09,187:INFO: - Train metrics: psnr: 27.04577 ; ssim: 0.86689 ; loss: 0.00199
2019-04-29 05:26:27,649:INFO: - Eval metrics : psnr: 27.26407 ; ssim: 0.87735 ; loss: 0.00193
2019-04-29 05:26:27,657:INFO: - Found new best validation metric
2019-04-29 05:26:27,658:INFO: Epoch 36/100
2019-04-29 05:27:45,060:INFO: - Train metrics: psnr: 27.28157 ; ssim: 0.88468 ; loss: 0.00190
2019-04-29 05:28:02,912:INFO: - Eval metrics : psnr: 27.26662 ; ssim: 0.87745 ; loss: 0.00193
2019-04-29 05:28:02,921:INFO: - Found new best validation metric
2019-04-29 05:28:02,922:INFO: Epoch 37/100
2019-04-29 05:29:20,389:INFO: - Train metrics: psnr: 27.35755 ; ssim: 0.87499 ; loss: 0.00187
2019-04-29 05:29:38,266:INFO: - Eval metrics : psnr: 27.27398 ; ssim: 0.87753 ; loss: 0.00193
2019-04-29 05:29:38,274:INFO: - Found new best validation metric
2019-04-29 05:29:38,275:INFO: Epoch 38/100
2019-04-29 05:30:55,574:INFO: - Train metrics: psnr: 27.70725 ; ssim: 0.88315 ; loss: 0.00174
2019-04-29 05:31:13,573:INFO: - Eval metrics : psnr: 27.27625 ; ssim: 0.87764 ; loss: 0.00193
2019-04-29 05:31:13,581:INFO: - Found new best validation metric
2019-04-29 05:31:13,581:INFO: Epoch 39/100
2019-04-29 05:32:31,083:INFO: - Train metrics: psnr: 27.79792 ; ssim: 0.88298 ; loss: 0.00170
2019-04-29 05:32:48,965:INFO: - Eval metrics : psnr: 27.28327 ; ssim: 0.87768 ; loss: 0.00192
2019-04-29 05:32:48,973:INFO: - Found new best validation metric
2019-04-29 05:32:48,974:INFO: Epoch 40/100
2019-04-29 05:34:06,335:INFO: - Train metrics: psnr: 27.59268 ; ssim: 0.87682 ; loss: 0.00178
2019-04-29 05:34:24,170:INFO: - Eval metrics : psnr: 27.28992 ; ssim: 0.87770 ; loss: 0.00192
2019-04-29 05:34:24,179:INFO: - Found new best validation metric
2019-04-29 05:34:24,179:INFO: Epoch 41/100
2019-04-29 05:35:41,157:INFO: - Train metrics: psnr: 27.66565 ; ssim: 0.88241 ; loss: 0.00174
2019-04-29 05:35:58,778:INFO: - Eval metrics : psnr: 27.29574 ; ssim: 0.87784 ; loss: 0.00192
2019-04-29 05:35:58,786:INFO: - Found new best validation metric
2019-04-29 05:35:58,786:INFO: Epoch 42/100
2019-04-29 05:37:15,705:INFO: - Train metrics: psnr: 27.50601 ; ssim: 0.88342 ; loss: 0.00182
2019-04-29 05:37:33,358:INFO: - Eval metrics : psnr: 27.30041 ; ssim: 0.87793 ; loss: 0.00192
2019-04-29 05:37:33,366:INFO: - Found new best validation metric
2019-04-29 05:37:33,366:INFO: Epoch 43/100
2019-04-29 05:38:50,720:INFO: - Train metrics: psnr: 27.05392 ; ssim: 0.87048 ; loss: 0.00201
2019-04-29 05:39:08,644:INFO: - Eval metrics : psnr: 27.30789 ; ssim: 0.87804 ; loss: 0.00191
2019-04-29 05:39:08,652:INFO: - Found new best validation metric
2019-04-29 05:39:08,653:INFO: Epoch 44/100
2019-04-29 05:40:25,956:INFO: - Train metrics: psnr: 27.31573 ; ssim: 0.88214 ; loss: 0.00191
2019-04-29 05:40:44,122:INFO: - Eval metrics : psnr: 27.31132 ; ssim: 0.87816 ; loss: 0.00191
2019-04-29 05:40:44,131:INFO: - Found new best validation metric
2019-04-29 05:40:44,131:INFO: Epoch 45/100
2019-04-29 05:42:01,297:INFO: - Train metrics: psnr: 27.45966 ; ssim: 0.87173 ; loss: 0.00187
2019-04-29 05:42:19,162:INFO: - Eval metrics : psnr: 27.31819 ; ssim: 0.87821 ; loss: 0.00191
2019-04-29 05:42:19,170:INFO: - Found new best validation metric
2019-04-29 05:42:19,171:INFO: Epoch 46/100
2019-04-29 05:43:36,262:INFO: - Train metrics: psnr: 27.72470 ; ssim: 0.88287 ; loss: 0.00175
2019-04-29 05:43:54,061:INFO: - Eval metrics : psnr: 27.32516 ; ssim: 0.87823 ; loss: 0.00191
2019-04-29 05:43:54,069:INFO: - Found new best validation metric
2019-04-29 05:43:54,069:INFO: Epoch 47/100
2019-04-29 05:45:11,243:INFO: - Train metrics: psnr: 27.16425 ; ssim: 0.87341 ; loss: 0.00193
2019-04-29 05:45:28,881:INFO: - Eval metrics : psnr: 27.33069 ; ssim: 0.87835 ; loss: 0.00190
2019-04-29 05:45:28,889:INFO: - Found new best validation metric
2019-04-29 05:45:28,890:INFO: Epoch 48/100
2019-04-29 05:46:46,036:INFO: - Train metrics: psnr: 27.16194 ; ssim: 0.87501 ; loss: 0.00195
2019-04-29 05:47:03,932:INFO: - Eval metrics : psnr: 27.33704 ; ssim: 0.87837 ; loss: 0.00190
2019-04-29 05:47:03,941:INFO: - Found new best validation metric
2019-04-29 05:47:03,941:INFO: Epoch 49/100
2019-04-29 05:48:21,292:INFO: - Train metrics: psnr: 27.73550 ; ssim: 0.87953 ; loss: 0.00171
2019-04-29 05:48:39,013:INFO: - Eval metrics : psnr: 27.34158 ; ssim: 0.87857 ; loss: 0.00190
2019-04-29 05:48:39,021:INFO: - Found new best validation metric
2019-04-29 05:48:39,021:INFO: Epoch 50/100
2019-04-29 05:49:56,343:INFO: - Train metrics: psnr: 27.65161 ; ssim: 0.87922 ; loss: 0.00172
2019-04-29 05:50:14,436:INFO: - Eval metrics : psnr: 27.34773 ; ssim: 0.87866 ; loss: 0.00190
2019-04-29 05:50:14,444:INFO: - Found new best validation metric
2019-04-29 05:50:14,444:INFO: Epoch 51/100
2019-04-29 05:51:31,834:INFO: - Train metrics: psnr: 27.90242 ; ssim: 0.88715 ; loss: 0.00164
2019-04-29 05:51:50,222:INFO: - Eval metrics : psnr: 27.35527 ; ssim: 0.87872 ; loss: 0.00189
2019-04-29 05:51:50,231:INFO: - Found new best validation metric
2019-04-29 05:51:50,232:INFO: Epoch 52/100
2019-04-29 05:53:07,364:INFO: - Train metrics: psnr: 28.32675 ; ssim: 0.89176 ; loss: 0.00149
2019-04-29 05:53:25,122:INFO: - Eval metrics : psnr: 27.36194 ; ssim: 0.87875 ; loss: 0.00189
2019-04-29 05:53:25,130:INFO: - Found new best validation metric
2019-04-29 05:53:25,130:INFO: Epoch 53/100
2019-04-29 05:54:42,302:INFO: - Train metrics: psnr: 27.77802 ; ssim: 0.87731 ; loss: 0.00169
2019-04-29 05:55:00,069:INFO: - Eval metrics : psnr: 27.37028 ; ssim: 0.87890 ; loss: 0.00189
2019-04-29 05:55:00,077:INFO: - Found new best validation metric
2019-04-29 05:55:00,078:INFO: Epoch 54/100
2019-04-29 05:56:17,305:INFO: - Train metrics: psnr: 27.71849 ; ssim: 0.87877 ; loss: 0.00170
2019-04-29 05:56:35,387:INFO: - Eval metrics : psnr: 27.37717 ; ssim: 0.87879 ; loss: 0.00188
2019-04-29 05:56:35,396:INFO: - Found new best validation metric
2019-04-29 05:56:35,396:INFO: Epoch 55/100
2019-04-29 05:57:52,686:INFO: - Train metrics: psnr: 27.33589 ; ssim: 0.87379 ; loss: 0.00186
2019-04-29 05:58:10,988:INFO: - Eval metrics : psnr: 27.38448 ; ssim: 0.87915 ; loss: 0.00188
2019-04-29 05:58:10,997:INFO: - Found new best validation metric
2019-04-29 05:58:10,997:INFO: Epoch 56/100
2019-04-29 05:59:28,317:INFO: - Train metrics: psnr: 27.88695 ; ssim: 0.88353 ; loss: 0.00166
2019-04-29 05:59:46,193:INFO: - Eval metrics : psnr: 27.39047 ; ssim: 0.87921 ; loss: 0.00188
2019-04-29 05:59:46,201:INFO: - Found new best validation metric
2019-04-29 05:59:46,201:INFO: Epoch 57/100
2019-04-29 06:01:03,834:INFO: - Train metrics: psnr: 27.50888 ; ssim: 0.87771 ; loss: 0.00182
2019-04-29 06:01:21,931:INFO: - Eval metrics : psnr: 27.39887 ; ssim: 0.87929 ; loss: 0.00188
2019-04-29 06:01:21,939:INFO: - Found new best validation metric
2019-04-29 06:01:21,940:INFO: Epoch 58/100
2019-04-29 06:02:39,540:INFO: - Train metrics: psnr: 27.81352 ; ssim: 0.88096 ; loss: 0.00169
2019-04-29 06:02:57,412:INFO: - Eval metrics : psnr: 27.40835 ; ssim: 0.87937 ; loss: 0.00187
2019-04-29 06:02:57,420:INFO: - Found new best validation metric
2019-04-29 06:02:57,420:INFO: Epoch 59/100
2019-04-29 06:04:15,147:INFO: - Train metrics: psnr: 27.16851 ; ssim: 0.87182 ; loss: 0.00194
2019-04-29 06:04:32,966:INFO: - Eval metrics : psnr: 27.41274 ; ssim: 0.87927 ; loss: 0.00187
2019-04-29 06:04:32,974:INFO: - Found new best validation metric
2019-04-29 06:04:32,975:INFO: Epoch 60/100
2019-04-29 06:05:50,725:INFO: - Train metrics: psnr: 27.62176 ; ssim: 0.87915 ; loss: 0.00177
2019-04-29 06:06:08,727:INFO: - Eval metrics : psnr: 27.42292 ; ssim: 0.87955 ; loss: 0.00187
2019-04-29 06:06:08,736:INFO: - Found new best validation metric
2019-04-29 06:06:08,736:INFO: Epoch 61/100
2019-04-29 06:07:26,373:INFO: - Train metrics: psnr: 26.66335 ; ssim: 0.87539 ; loss: 0.00221
2019-04-29 06:07:44,407:INFO: - Eval metrics : psnr: 27.42412 ; ssim: 0.87960 ; loss: 0.00187
2019-04-29 06:07:44,415:INFO: - Found new best validation metric
2019-04-29 06:07:44,416:INFO: Epoch 62/100
2019-04-29 06:09:01,993:INFO: - Train metrics: psnr: 27.91802 ; ssim: 0.88320 ; loss: 0.00164
2019-04-29 06:09:19,640:INFO: - Eval metrics : psnr: 27.42436 ; ssim: 0.87963 ; loss: 0.00186
2019-04-29 06:09:19,648:INFO: - Found new best validation metric
2019-04-29 06:09:19,648:INFO: Epoch 63/100
2019-04-29 06:10:37,050:INFO: - Train metrics: psnr: 27.82127 ; ssim: 0.87520 ; loss: 0.00167
2019-04-29 06:10:54,731:INFO: - Eval metrics : psnr: 27.42547 ; ssim: 0.87963 ; loss: 0.00186
2019-04-29 06:10:54,739:INFO: - Found new best validation metric
2019-04-29 06:10:54,740:INFO: Epoch 64/100
2019-04-29 06:12:12,504:INFO: - Train metrics: psnr: 26.89034 ; ssim: 0.87742 ; loss: 0.00209
2019-04-29 06:12:30,175:INFO: - Eval metrics : psnr: 27.42592 ; ssim: 0.87963 ; loss: 0.00186
2019-04-29 06:12:30,183:INFO: - Found new best validation metric
2019-04-29 06:12:30,183:INFO: Epoch 65/100
2019-04-29 06:13:47,811:INFO: - Train metrics: psnr: 27.99346 ; ssim: 0.88090 ; loss: 0.00160
2019-04-29 06:14:05,698:INFO: - Eval metrics : psnr: 27.42686 ; ssim: 0.87965 ; loss: 0.00186
2019-04-29 06:14:05,706:INFO: - Found new best validation metric
2019-04-29 06:14:05,707:INFO: Epoch 66/100
2019-04-29 06:15:23,251:INFO: - Train metrics: psnr: 28.10151 ; ssim: 0.87881 ; loss: 0.00156
2019-04-29 06:15:41,014:INFO: - Eval metrics : psnr: 27.42784 ; ssim: 0.87964 ; loss: 0.00186
2019-04-29 06:15:41,022:INFO: - Found new best validation metric
2019-04-29 06:15:41,023:INFO: Epoch 67/100
2019-04-29 06:16:58,248:INFO: - Train metrics: psnr: 27.54743 ; ssim: 0.88041 ; loss: 0.00179
2019-04-29 06:17:16,141:INFO: - Eval metrics : psnr: 27.42882 ; ssim: 0.87967 ; loss: 0.00186
2019-04-29 06:17:16,149:INFO: - Found new best validation metric
2019-04-29 06:17:16,149:INFO: Epoch 68/100
2019-04-29 06:18:33,719:INFO: - Train metrics: psnr: 27.17187 ; ssim: 0.87927 ; loss: 0.00197
2019-04-29 06:18:51,376:INFO: - Eval metrics : psnr: 27.42943 ; ssim: 0.87965 ; loss: 0.00186
2019-04-29 06:18:51,385:INFO: - Found new best validation metric
2019-04-29 06:18:51,385:INFO: Epoch 69/100
2019-04-29 06:20:08,658:INFO: - Train metrics: psnr: 27.35765 ; ssim: 0.87752 ; loss: 0.00191
2019-04-29 06:20:26,593:INFO: - Eval metrics : psnr: 27.43020 ; ssim: 0.87969 ; loss: 0.00186
2019-04-29 06:20:26,601:INFO: - Found new best validation metric
2019-04-29 06:20:26,602:INFO: Epoch 70/100
2019-04-29 06:21:44,002:INFO: - Train metrics: psnr: 26.99116 ; ssim: 0.87056 ; loss: 0.00205
2019-04-29 06:22:01,825:INFO: - Eval metrics : psnr: 27.43118 ; ssim: 0.87970 ; loss: 0.00186
2019-04-29 06:22:01,833:INFO: - Found new best validation metric
2019-04-29 06:22:01,834:INFO: Epoch 71/100
2019-04-29 06:23:19,051:INFO: - Train metrics: psnr: 27.51471 ; ssim: 0.87284 ; loss: 0.00179
2019-04-29 06:23:36,972:INFO: - Eval metrics : psnr: 27.43217 ; ssim: 0.87971 ; loss: 0.00186
2019-04-29 06:23:36,980:INFO: - Found new best validation metric
2019-04-29 06:23:36,981:INFO: Epoch 72/100
2019-04-29 06:24:54,165:INFO: - Train metrics: psnr: 27.75036 ; ssim: 0.88056 ; loss: 0.00171
2019-04-29 06:25:12,257:INFO: - Eval metrics : psnr: 27.43307 ; ssim: 0.87971 ; loss: 0.00186
2019-04-29 06:25:12,265:INFO: - Found new best validation metric
2019-04-29 06:25:12,266:INFO: Epoch 73/100
2019-04-29 06:26:29,497:INFO: - Train metrics: psnr: 27.70605 ; ssim: 0.88357 ; loss: 0.00174
2019-04-29 06:26:47,616:INFO: - Eval metrics : psnr: 27.43400 ; ssim: 0.87972 ; loss: 0.00186
2019-04-29 06:26:47,628:INFO: - Found new best validation metric
2019-04-29 06:26:47,628:INFO: Epoch 74/100
2019-04-29 06:28:04,975:INFO: - Train metrics: psnr: 27.15496 ; ssim: 0.87233 ; loss: 0.00195
2019-04-29 06:28:23,195:INFO: - Eval metrics : psnr: 27.43506 ; ssim: 0.87974 ; loss: 0.00186
2019-04-29 06:28:23,203:INFO: - Found new best validation metric
2019-04-29 06:28:23,203:INFO: Epoch 75/100
2019-04-29 06:29:40,697:INFO: - Train metrics: psnr: 27.58827 ; ssim: 0.87744 ; loss: 0.00176
2019-04-29 06:29:59,029:INFO: - Eval metrics : psnr: 27.43596 ; ssim: 0.87976 ; loss: 0.00186
2019-04-29 06:29:59,037:INFO: - Found new best validation metric
2019-04-29 06:29:59,038:INFO: Epoch 76/100
2019-04-29 06:31:16,502:INFO: - Train metrics: psnr: 27.30585 ; ssim: 0.87868 ; loss: 0.00192
2019-04-29 06:31:34,516:INFO: - Eval metrics : psnr: 27.43680 ; ssim: 0.87978 ; loss: 0.00186
2019-04-29 06:31:34,524:INFO: - Found new best validation metric
2019-04-29 06:31:34,524:INFO: Epoch 77/100
2019-04-29 06:32:51,774:INFO: - Train metrics: psnr: 27.31808 ; ssim: 0.87354 ; loss: 0.00192
2019-04-29 06:33:10,012:INFO: - Eval metrics : psnr: 27.43796 ; ssim: 0.87977 ; loss: 0.00186
2019-04-29 06:33:10,020:INFO: - Found new best validation metric
2019-04-29 06:33:10,021:INFO: Epoch 78/100
2019-04-29 06:34:27,320:INFO: - Train metrics: psnr: 27.64068 ; ssim: 0.88197 ; loss: 0.00176
2019-04-29 06:34:45,279:INFO: - Eval metrics : psnr: 27.43891 ; ssim: 0.87979 ; loss: 0.00186
2019-04-29 06:34:45,287:INFO: - Found new best validation metric
2019-04-29 06:34:45,288:INFO: Epoch 79/100
2019-04-29 06:36:02,591:INFO: - Train metrics: psnr: 27.36582 ; ssim: 0.88282 ; loss: 0.00186
2019-04-29 06:36:20,946:INFO: - Eval metrics : psnr: 27.43981 ; ssim: 0.87981 ; loss: 0.00186
2019-04-29 06:36:20,955:INFO: - Found new best validation metric
2019-04-29 06:36:20,956:INFO: Epoch 80/100
2019-04-29 06:37:38,239:INFO: - Train metrics: psnr: 27.94605 ; ssim: 0.88448 ; loss: 0.00162
2019-04-29 06:37:56,281:INFO: - Eval metrics : psnr: 27.44096 ; ssim: 0.87981 ; loss: 0.00186
2019-04-29 06:37:56,289:INFO: - Found new best validation metric
2019-04-29 06:37:56,290:INFO: Epoch 81/100
2019-04-29 06:39:13,719:INFO: - Train metrics: psnr: 27.92970 ; ssim: 0.88150 ; loss: 0.00163
2019-04-29 06:39:31,665:INFO: - Eval metrics : psnr: 27.44209 ; ssim: 0.87978 ; loss: 0.00186
2019-04-29 06:39:31,673:INFO: - Found new best validation metric
2019-04-29 06:39:31,674:INFO: Epoch 82/100
2019-04-29 06:40:49,001:INFO: - Train metrics: psnr: 27.96004 ; ssim: 0.89223 ; loss: 0.00162
2019-04-29 06:41:07,612:INFO: - Eval metrics : psnr: 27.44372 ; ssim: 0.87983 ; loss: 0.00186
2019-04-29 06:41:07,620:INFO: - Found new best validation metric
2019-04-29 06:41:07,620:INFO: Epoch 83/100
2019-04-29 06:42:25,232:INFO: - Train metrics: psnr: 27.60266 ; ssim: 0.88054 ; loss: 0.00178
2019-04-29 06:42:43,449:INFO: - Eval metrics : psnr: 27.44407 ; ssim: 0.87985 ; loss: 0.00186
2019-04-29 06:42:43,458:INFO: - Found new best validation metric
2019-04-29 06:42:43,458:INFO: Epoch 84/100
2019-04-29 06:44:00,739:INFO: - Train metrics: psnr: 27.78308 ; ssim: 0.88066 ; loss: 0.00173
2019-04-29 06:44:18,684:INFO: - Eval metrics : psnr: 27.44527 ; ssim: 0.87988 ; loss: 0.00186
2019-04-29 06:44:18,692:INFO: - Found new best validation metric
2019-04-29 06:44:18,693:INFO: Epoch 85/100
2019-04-29 06:45:35,994:INFO: - Train metrics: psnr: 27.87643 ; ssim: 0.87835 ; loss: 0.00167
2019-04-29 06:45:53,946:INFO: - Eval metrics : psnr: 27.44676 ; ssim: 0.87990 ; loss: 0.00186
2019-04-29 06:45:53,955:INFO: - Found new best validation metric
2019-04-29 06:45:53,955:INFO: Epoch 86/100
2019-04-29 06:47:11,095:INFO: - Train metrics: psnr: 27.75880 ; ssim: 0.88573 ; loss: 0.00170
2019-04-29 06:47:29,090:INFO: - Eval metrics : psnr: 27.44734 ; ssim: 0.87992 ; loss: 0.00186
2019-04-29 06:47:29,099:INFO: - Found new best validation metric
2019-04-29 06:47:29,099:INFO: Epoch 87/100
2019-04-29 06:48:46,541:INFO: - Train metrics: psnr: 26.86732 ; ssim: 0.86989 ; loss: 0.00207
2019-04-29 06:49:04,955:INFO: - Eval metrics : psnr: 27.44904 ; ssim: 0.87991 ; loss: 0.00185
2019-04-29 06:49:04,964:INFO: - Found new best validation metric
2019-04-29 06:49:04,964:INFO: Epoch 88/100
2019-04-29 06:50:22,028:INFO: - Train metrics: psnr: 27.86516 ; ssim: 0.88081 ; loss: 0.00167
2019-04-29 06:50:40,423:INFO: - Eval metrics : psnr: 27.44977 ; ssim: 0.87992 ; loss: 0.00185
2019-04-29 06:50:40,431:INFO: - Found new best validation metric
2019-04-29 06:50:40,431:INFO: Epoch 89/100
2019-04-29 06:51:57,894:INFO: - Train metrics: psnr: 28.00085 ; ssim: 0.88606 ; loss: 0.00160
2019-04-29 06:52:15,964:INFO: - Eval metrics : psnr: 27.45114 ; ssim: 0.87993 ; loss: 0.00185
2019-04-29 06:52:15,973:INFO: - Found new best validation metric
2019-04-29 06:52:15,973:INFO: Epoch 90/100
2019-04-29 06:53:33,219:INFO: - Train metrics: psnr: 27.76955 ; ssim: 0.87798 ; loss: 0.00175
2019-04-29 06:53:51,268:INFO: - Eval metrics : psnr: 27.45221 ; ssim: 0.87994 ; loss: 0.00185
2019-04-29 06:53:51,276:INFO: - Found new best validation metric
2019-04-29 06:53:51,277:INFO: Epoch 91/100
2019-04-29 06:55:08,889:INFO: - Train metrics: psnr: 27.87679 ; ssim: 0.88479 ; loss: 0.00164
2019-04-29 06:55:26,855:INFO: - Eval metrics : psnr: 27.45339 ; ssim: 0.87996 ; loss: 0.00185
2019-04-29 06:55:26,864:INFO: - Found new best validation metric
2019-04-29 06:55:26,864:INFO: Epoch 92/100
2019-04-29 06:56:44,892:INFO: - Train metrics: psnr: 27.99462 ; ssim: 0.88192 ; loss: 0.00174
2019-04-29 06:57:03,693:INFO: - Eval metrics : psnr: 27.45455 ; ssim: 0.87996 ; loss: 0.00185
2019-04-29 06:57:03,701:INFO: - Found new best validation metric
2019-04-29 06:57:03,702:INFO: Epoch 93/100
2019-04-29 06:58:21,508:INFO: - Train metrics: psnr: 27.35222 ; ssim: 0.87694 ; loss: 0.00189
2019-04-29 06:58:39,947:INFO: - Eval metrics : psnr: 27.45591 ; ssim: 0.88000 ; loss: 0.00185
2019-04-29 06:58:39,955:INFO: - Found new best validation metric
2019-04-29 06:58:39,955:INFO: Epoch 94/100
2019-04-29 06:59:57,160:INFO: - Train metrics: psnr: 26.73517 ; ssim: 0.87815 ; loss: 0.00213
2019-04-29 07:00:15,105:INFO: - Eval metrics : psnr: 27.45741 ; ssim: 0.88001 ; loss: 0.00185
2019-04-29 07:00:15,113:INFO: - Found new best validation metric
2019-04-29 07:00:15,114:INFO: Epoch 95/100
2019-04-29 07:01:32,562:INFO: - Train metrics: psnr: 27.46364 ; ssim: 0.87567 ; loss: 0.00180
2019-04-29 07:01:50,789:INFO: - Eval metrics : psnr: 27.45836 ; ssim: 0.87999 ; loss: 0.00185
2019-04-29 07:01:50,797:INFO: - Found new best validation metric
2019-04-29 07:01:50,797:INFO: Epoch 96/100
2019-04-29 07:03:08,448:INFO: - Train metrics: psnr: 27.32482 ; ssim: 0.87819 ; loss: 0.00195
2019-04-29 07:03:26,630:INFO: - Eval metrics : psnr: 27.45966 ; ssim: 0.88001 ; loss: 0.00185
2019-04-29 07:03:26,639:INFO: - Found new best validation metric
2019-04-29 07:03:26,639:INFO: Epoch 97/100
2019-04-29 07:04:43,991:INFO: - Train metrics: psnr: 27.87489 ; ssim: 0.88308 ; loss: 0.00164
2019-04-29 07:05:01,963:INFO: - Eval metrics : psnr: 27.46082 ; ssim: 0.88004 ; loss: 0.00185
2019-04-29 07:05:01,971:INFO: - Found new best validation metric
2019-04-29 07:05:01,972:INFO: Epoch 98/100
2019-04-29 07:06:19,198:INFO: - Train metrics: psnr: 26.98217 ; ssim: 0.88437 ; loss: 0.00202
2019-04-29 07:06:37,284:INFO: - Eval metrics : psnr: 27.46239 ; ssim: 0.88005 ; loss: 0.00185
2019-04-29 07:06:37,293:INFO: - Found new best validation metric
2019-04-29 07:06:37,293:INFO: Epoch 99/100
2019-04-29 07:07:54,653:INFO: - Train metrics: psnr: 27.21462 ; ssim: 0.87713 ; loss: 0.00191
2019-04-29 07:08:13,274:INFO: - Eval metrics : psnr: 27.46345 ; ssim: 0.88008 ; loss: 0.00185
2019-04-29 07:08:13,282:INFO: - Found new best validation metric
2019-04-29 07:08:13,282:INFO: Epoch 100/100
2019-04-29 07:09:30,271:INFO: - Train metrics: psnr: 28.16110 ; ssim: 0.88070 ; loss: 0.00154
2019-04-29 07:09:48,302:INFO: - Eval metrics : psnr: 27.46476 ; ssim: 0.88007 ; loss: 0.00185
2019-04-29 07:09:48,310:INFO: - Found new best validation metric
