2019-04-29 20:06:53,913:INFO: Loading the datasets...
2019-04-29 20:06:53,918:INFO: - done.
2019-04-29 20:06:55,883:INFO: Starting training for 80 epoch(s)
2019-04-29 20:06:55,884:INFO: Epoch 1/80
2019-04-29 20:14:10,907:INFO: Loading the datasets...
2019-04-29 20:14:10,912:INFO: - done.
2019-04-29 20:14:12,899:INFO: Starting training for 80 epoch(s)
2019-04-29 20:14:12,899:INFO: Epoch 1/80
2019-04-29 20:14:38,216:INFO: Loading the datasets...
2019-04-29 20:14:38,221:INFO: - done.
2019-04-29 20:14:40,206:INFO: Starting training for 80 epoch(s)
2019-04-29 20:14:40,206:INFO: Epoch 1/80
2019-04-29 20:16:33,541:INFO: Loading the datasets...
2019-04-29 20:16:33,546:INFO: - done.
2019-04-29 20:16:35,547:INFO: Starting training for 80 epoch(s)
2019-04-29 20:16:35,547:INFO: Epoch 1/80
2019-04-29 20:18:33,458:INFO: - Train metrics: psnr: 30.37776 ; ssim: 0.93151 ; loss: 0.00141
2019-04-29 20:22:30,469:INFO: Loading the datasets...
2019-04-29 20:22:30,474:INFO: - done.
2019-04-29 20:22:32,453:INFO: Starting training for 80 epoch(s)
2019-04-29 20:22:32,453:INFO: Epoch 1/80
2019-04-29 20:24:29,693:INFO: - Train metrics: psnr: 30.42302 ; ssim: 0.93072 ; loss: 0.00136
2019-04-29 20:27:46,986:INFO: Loading the datasets...
2019-04-29 20:27:46,991:INFO: - done.
2019-04-29 20:27:48,891:INFO: Starting training for 80 epoch(s)
2019-04-29 20:27:48,891:INFO: Epoch 1/80
2019-04-29 20:29:11,045:INFO: - Train metrics: psnr: 30.65476 ; ssim: 0.93569 ; loss: 0.00098
2019-04-29 20:29:29,884:INFO: - Eval metrics : psnr: 31.64825 ; ssim: 0.94025 ; loss: 0.00075
2019-04-29 20:29:29,892:INFO: - Found new best validation metric
2019-04-29 20:29:29,893:INFO: Epoch 2/80
2019-04-29 20:30:48,992:INFO: - Train metrics: psnr: 33.86730 ; ssim: 0.94734 ; loss: 0.00045
2019-04-29 20:31:07,559:INFO: - Eval metrics : psnr: 33.47254 ; ssim: 0.94935 ; loss: 0.00050
2019-04-29 20:31:07,567:INFO: - Found new best validation metric
2019-04-29 20:31:07,568:INFO: Epoch 3/80
2019-04-29 20:32:26,703:INFO: - Train metrics: psnr: 33.72798 ; ssim: 0.94785 ; loss: 0.00046
2019-04-29 20:32:44,780:INFO: - Eval metrics : psnr: 33.79876 ; ssim: 0.95156 ; loss: 0.00047
2019-04-29 20:32:44,788:INFO: - Found new best validation metric
2019-04-29 20:32:44,789:INFO: Epoch 4/80
2019-04-29 20:34:03,917:INFO: - Train metrics: psnr: 35.11133 ; ssim: 0.95580 ; loss: 0.00035
2019-04-29 20:34:22,272:INFO: - Eval metrics : psnr: 33.95121 ; ssim: 0.95270 ; loss: 0.00045
2019-04-29 20:34:22,281:INFO: - Found new best validation metric
2019-04-29 20:34:22,281:INFO: Epoch 5/80
2019-04-29 20:35:41,684:INFO: - Train metrics: psnr: 34.88896 ; ssim: 0.95371 ; loss: 0.00036
2019-04-29 20:35:59,909:INFO: - Eval metrics : psnr: 34.02359 ; ssim: 0.95271 ; loss: 0.00044
2019-04-29 20:35:59,917:INFO: - Found new best validation metric
2019-04-29 20:35:59,918:INFO: Epoch 6/80
2019-04-29 20:37:19,162:INFO: - Train metrics: psnr: 35.58283 ; ssim: 0.95778 ; loss: 0.00030
2019-04-29 20:37:37,402:INFO: - Eval metrics : psnr: 34.00754 ; ssim: 0.95163 ; loss: 0.00044
2019-04-29 20:37:37,410:INFO: Epoch 7/80
2019-04-29 20:38:56,712:INFO: - Train metrics: psnr: 34.31768 ; ssim: 0.95311 ; loss: 0.00040
2019-04-29 20:39:15,154:INFO: - Eval metrics : psnr: 34.14059 ; ssim: 0.95328 ; loss: 0.00043
2019-04-29 20:39:15,162:INFO: - Found new best validation metric
2019-04-29 20:39:15,163:INFO: Epoch 8/80
2019-04-29 20:40:34,751:INFO: - Train metrics: psnr: 35.15105 ; ssim: 0.95522 ; loss: 0.00032
2019-04-29 20:40:53,500:INFO: - Eval metrics : psnr: 34.19332 ; ssim: 0.95357 ; loss: 0.00042
2019-04-29 20:40:53,508:INFO: - Found new best validation metric
2019-04-29 20:40:53,509:INFO: Epoch 9/80
2019-04-29 20:42:13,117:INFO: - Train metrics: psnr: 34.50589 ; ssim: 0.95599 ; loss: 0.00039
2019-04-29 20:42:31,639:INFO: - Eval metrics : psnr: 34.23097 ; ssim: 0.95352 ; loss: 0.00042
2019-04-29 20:42:31,647:INFO: - Found new best validation metric
2019-04-29 20:42:31,647:INFO: Epoch 10/80
2019-04-29 20:43:51,373:INFO: - Train metrics: psnr: 35.45916 ; ssim: 0.95799 ; loss: 0.00030
2019-04-29 20:44:09,450:INFO: - Eval metrics : psnr: 34.24786 ; ssim: 0.95346 ; loss: 0.00042
2019-04-29 20:44:09,458:INFO: - Found new best validation metric
2019-04-29 20:44:09,458:INFO: Epoch 11/80
2019-04-29 20:45:29,753:INFO: - Train metrics: psnr: 34.31678 ; ssim: 0.95576 ; loss: 0.00041
2019-04-29 20:45:47,886:INFO: - Eval metrics : psnr: 34.30611 ; ssim: 0.95403 ; loss: 0.00041
2019-04-29 20:45:47,895:INFO: - Found new best validation metric
2019-04-29 20:45:47,895:INFO: Epoch 12/80
2019-04-29 20:47:07,227:INFO: - Train metrics: psnr: 34.24279 ; ssim: 0.95204 ; loss: 0.00044
2019-04-29 20:47:25,200:INFO: - Eval metrics : psnr: 34.31517 ; ssim: 0.95404 ; loss: 0.00041
2019-04-29 20:47:25,209:INFO: - Found new best validation metric
2019-04-29 20:47:25,209:INFO: Epoch 13/80
2019-04-29 20:48:44,316:INFO: - Train metrics: psnr: 34.70123 ; ssim: 0.95268 ; loss: 0.00041
2019-04-29 20:49:02,343:INFO: - Eval metrics : psnr: 34.31655 ; ssim: 0.95408 ; loss: 0.00041
2019-04-29 20:49:02,351:INFO: - Found new best validation metric
2019-04-29 20:49:02,352:INFO: Epoch 14/80
2019-04-29 20:50:21,557:INFO: - Train metrics: psnr: 35.43420 ; ssim: 0.95262 ; loss: 0.00032
2019-04-29 20:50:39,942:INFO: - Eval metrics : psnr: 34.31785 ; ssim: 0.95406 ; loss: 0.00041
2019-04-29 20:50:39,950:INFO: - Found new best validation metric
2019-04-29 20:50:39,950:INFO: Epoch 15/80
2019-04-29 20:51:59,211:INFO: - Train metrics: psnr: 35.25388 ; ssim: 0.95128 ; loss: 0.00032
2019-04-29 20:52:18,606:INFO: - Eval metrics : psnr: 34.32644 ; ssim: 0.95417 ; loss: 0.00041
2019-04-29 20:52:18,614:INFO: - Found new best validation metric
2019-04-29 20:52:18,615:INFO: Epoch 16/80
2019-04-29 20:53:38,702:INFO: - Train metrics: psnr: 35.92793 ; ssim: 0.95639 ; loss: 0.00029
2019-04-29 20:53:58,963:INFO: - Eval metrics : psnr: 34.33361 ; ssim: 0.95413 ; loss: 0.00041
2019-04-29 20:53:58,972:INFO: - Found new best validation metric
2019-04-29 20:53:58,972:INFO: Epoch 17/80
2019-04-29 20:55:19,108:INFO: - Train metrics: psnr: 35.16016 ; ssim: 0.95418 ; loss: 0.00033
2019-04-29 20:55:39,417:INFO: - Eval metrics : psnr: 34.33114 ; ssim: 0.95418 ; loss: 0.00041
2019-04-29 20:55:39,424:INFO: Epoch 18/80
2019-04-29 20:56:59,449:INFO: - Train metrics: psnr: 35.27218 ; ssim: 0.95538 ; loss: 0.00033
2019-04-29 20:57:20,031:INFO: - Eval metrics : psnr: 34.34804 ; ssim: 0.95414 ; loss: 0.00041
2019-04-29 20:57:20,039:INFO: - Found new best validation metric
2019-04-29 20:57:20,040:INFO: Epoch 19/80
2019-04-29 20:58:40,160:INFO: - Train metrics: psnr: 35.71393 ; ssim: 0.95555 ; loss: 0.00029
2019-04-29 20:59:00,438:INFO: - Eval metrics : psnr: 34.35860 ; ssim: 0.95418 ; loss: 0.00041
2019-04-29 20:59:00,446:INFO: - Found new best validation metric
2019-04-29 20:59:00,446:INFO: Epoch 20/80
2019-04-29 21:00:20,476:INFO: - Train metrics: psnr: 34.36120 ; ssim: 0.95461 ; loss: 0.00041
2019-04-29 21:00:40,561:INFO: - Eval metrics : psnr: 34.36113 ; ssim: 0.95422 ; loss: 0.00041
2019-04-29 21:00:40,569:INFO: - Found new best validation metric
2019-04-29 21:00:40,570:INFO: Epoch 21/80
2019-04-29 21:02:00,490:INFO: - Train metrics: psnr: 34.24383 ; ssim: 0.95296 ; loss: 0.00040
2019-04-29 21:02:20,536:INFO: - Eval metrics : psnr: 34.36736 ; ssim: 0.95416 ; loss: 0.00041
2019-04-29 21:02:20,544:INFO: - Found new best validation metric
2019-04-29 21:02:20,544:INFO: Epoch 22/80
2019-04-29 21:03:40,421:INFO: - Train metrics: psnr: 34.91456 ; ssim: 0.95263 ; loss: 0.00035
2019-04-29 21:04:00,453:INFO: - Eval metrics : psnr: 34.37175 ; ssim: 0.95424 ; loss: 0.00041
2019-04-29 21:04:00,461:INFO: - Found new best validation metric
2019-04-29 21:04:00,461:INFO: Epoch 23/80
2019-04-29 21:05:20,507:INFO: - Train metrics: psnr: 34.79194 ; ssim: 0.95333 ; loss: 0.00037
2019-04-29 21:05:38,647:INFO: - Eval metrics : psnr: 34.38403 ; ssim: 0.95433 ; loss: 0.00040
2019-04-29 21:05:38,656:INFO: - Found new best validation metric
2019-04-29 21:05:38,656:INFO: Epoch 24/80
2019-04-29 21:06:57,892:INFO: - Train metrics: psnr: 35.34605 ; ssim: 0.95336 ; loss: 0.00031
2019-04-29 21:07:15,842:INFO: - Eval metrics : psnr: 34.37797 ; ssim: 0.95433 ; loss: 0.00040
2019-04-29 21:07:15,849:INFO: Epoch 25/80
2019-04-29 21:08:35,052:INFO: - Train metrics: psnr: 35.27976 ; ssim: 0.95559 ; loss: 0.00035
2019-04-29 21:08:52,698:INFO: - Eval metrics : psnr: 34.39543 ; ssim: 0.95423 ; loss: 0.00040
2019-04-29 21:08:52,705:INFO: - Found new best validation metric
2019-04-29 21:08:52,706:INFO: Epoch 26/80
2019-04-29 21:10:11,950:INFO: - Train metrics: psnr: 34.82235 ; ssim: 0.95205 ; loss: 0.00035
2019-04-29 21:10:29,947:INFO: - Eval metrics : psnr: 34.40920 ; ssim: 0.95435 ; loss: 0.00040
2019-04-29 21:10:29,956:INFO: - Found new best validation metric
2019-04-29 21:10:29,957:INFO: Epoch 27/80
2019-04-29 21:11:49,241:INFO: - Train metrics: psnr: 35.20834 ; ssim: 0.95501 ; loss: 0.00035
2019-04-29 21:12:07,268:INFO: - Eval metrics : psnr: 34.41311 ; ssim: 0.95442 ; loss: 0.00040
2019-04-29 21:12:07,276:INFO: - Found new best validation metric
2019-04-29 21:12:07,277:INFO: Epoch 28/80
2019-04-29 21:13:26,528:INFO: - Train metrics: psnr: 34.53127 ; ssim: 0.95325 ; loss: 0.00038
2019-04-29 21:13:44,377:INFO: - Eval metrics : psnr: 34.41904 ; ssim: 0.95440 ; loss: 0.00040
2019-04-29 21:13:44,385:INFO: - Found new best validation metric
2019-04-29 21:13:44,386:INFO: Epoch 29/80
2019-04-29 21:15:03,848:INFO: - Train metrics: psnr: 34.17748 ; ssim: 0.95379 ; loss: 0.00043
2019-04-29 21:15:21,967:INFO: - Eval metrics : psnr: 34.42203 ; ssim: 0.95438 ; loss: 0.00040
2019-04-29 21:15:21,975:INFO: - Found new best validation metric
2019-04-29 21:15:21,976:INFO: Epoch 30/80
2019-04-29 21:16:41,346:INFO: - Train metrics: psnr: 35.28501 ; ssim: 0.95655 ; loss: 0.00032
2019-04-29 21:16:59,454:INFO: - Eval metrics : psnr: 34.44171 ; ssim: 0.95459 ; loss: 0.00040
2019-04-29 21:16:59,462:INFO: - Found new best validation metric
2019-04-29 21:16:59,463:INFO: Epoch 31/80
2019-04-29 21:18:18,856:INFO: - Train metrics: psnr: 34.23942 ; ssim: 0.95535 ; loss: 0.00044
2019-04-29 21:18:36,879:INFO: - Eval metrics : psnr: 34.44645 ; ssim: 0.95461 ; loss: 0.00040
2019-04-29 21:18:36,887:INFO: - Found new best validation metric
2019-04-29 21:18:36,888:INFO: Epoch 32/80
2019-04-29 21:19:56,024:INFO: - Train metrics: psnr: 35.11862 ; ssim: 0.95450 ; loss: 0.00033
2019-04-29 21:20:14,084:INFO: - Eval metrics : psnr: 34.44839 ; ssim: 0.95462 ; loss: 0.00040
2019-04-29 21:20:14,092:INFO: - Found new best validation metric
2019-04-29 21:20:14,092:INFO: Epoch 33/80
2019-04-29 21:21:33,311:INFO: - Train metrics: psnr: 35.58685 ; ssim: 0.95300 ; loss: 0.00031
2019-04-29 21:21:51,742:INFO: - Eval metrics : psnr: 34.45056 ; ssim: 0.95460 ; loss: 0.00040
2019-04-29 21:21:51,751:INFO: - Found new best validation metric
2019-04-29 21:21:51,752:INFO: Epoch 34/80
2019-04-29 21:23:11,097:INFO: - Train metrics: psnr: 33.80686 ; ssim: 0.95195 ; loss: 0.00047
2019-04-29 21:23:29,368:INFO: - Eval metrics : psnr: 34.45046 ; ssim: 0.95463 ; loss: 0.00040
2019-04-29 21:23:29,376:INFO: Epoch 35/80
2019-04-29 21:24:48,928:INFO: - Train metrics: psnr: 35.38490 ; ssim: 0.95748 ; loss: 0.00032
2019-04-29 21:25:06,879:INFO: - Eval metrics : psnr: 34.45243 ; ssim: 0.95464 ; loss: 0.00040
2019-04-29 21:25:06,888:INFO: - Found new best validation metric
2019-04-29 21:25:06,888:INFO: Epoch 36/80
2019-04-29 21:26:26,351:INFO: - Train metrics: psnr: 35.16159 ; ssim: 0.95892 ; loss: 0.00034
2019-04-29 21:26:44,355:INFO: - Eval metrics : psnr: 34.45427 ; ssim: 0.95464 ; loss: 0.00040
2019-04-29 21:26:44,363:INFO: - Found new best validation metric
2019-04-29 21:26:44,363:INFO: Epoch 37/80
2019-04-29 21:28:03,646:INFO: - Train metrics: psnr: 35.55211 ; ssim: 0.95768 ; loss: 0.00030
2019-04-29 21:28:21,361:INFO: - Eval metrics : psnr: 34.45550 ; ssim: 0.95463 ; loss: 0.00040
2019-04-29 21:28:21,369:INFO: - Found new best validation metric
2019-04-29 21:28:21,370:INFO: Epoch 38/80
2019-04-29 21:29:40,717:INFO: - Train metrics: psnr: 35.35878 ; ssim: 0.95637 ; loss: 0.00032
2019-04-29 21:29:58,496:INFO: - Eval metrics : psnr: 34.45541 ; ssim: 0.95466 ; loss: 0.00040
2019-04-29 21:29:58,504:INFO: Epoch 39/80
2019-04-29 21:31:17,925:INFO: - Train metrics: psnr: 34.57776 ; ssim: 0.95527 ; loss: 0.00037
2019-04-29 21:31:35,745:INFO: - Eval metrics : psnr: 34.45755 ; ssim: 0.95464 ; loss: 0.00040
2019-04-29 21:31:35,753:INFO: - Found new best validation metric
2019-04-29 21:31:35,753:INFO: Epoch 40/80
2019-04-29 21:32:55,026:INFO: - Train metrics: psnr: 35.30536 ; ssim: 0.96088 ; loss: 0.00032
2019-04-29 21:33:13,066:INFO: - Eval metrics : psnr: 34.45931 ; ssim: 0.95465 ; loss: 0.00040
2019-04-29 21:33:13,075:INFO: - Found new best validation metric
2019-04-29 21:33:13,075:INFO: Epoch 41/80
2019-04-29 21:34:32,506:INFO: - Train metrics: psnr: 36.08796 ; ssim: 0.95690 ; loss: 0.00027
2019-04-29 21:34:50,284:INFO: - Eval metrics : psnr: 34.45850 ; ssim: 0.95467 ; loss: 0.00040
2019-04-29 21:34:50,292:INFO: Epoch 42/80
2019-04-29 21:36:09,829:INFO: - Train metrics: psnr: 34.54764 ; ssim: 0.95326 ; loss: 0.00041
2019-04-29 21:36:28,258:INFO: - Eval metrics : psnr: 34.45858 ; ssim: 0.95467 ; loss: 0.00040
2019-04-29 21:36:28,266:INFO: Epoch 43/80
2019-04-29 21:37:47,550:INFO: - Train metrics: psnr: 35.15888 ; ssim: 0.95253 ; loss: 0.00035
2019-04-29 21:38:05,539:INFO: - Eval metrics : psnr: 34.45992 ; ssim: 0.95468 ; loss: 0.00040
2019-04-29 21:38:05,548:INFO: - Found new best validation metric
2019-04-29 21:38:05,548:INFO: Epoch 44/80
2019-04-29 21:39:24,662:INFO: - Train metrics: psnr: 33.93834 ; ssim: 0.95442 ; loss: 0.00043
2019-04-29 21:39:42,757:INFO: - Eval metrics : psnr: 34.46273 ; ssim: 0.95467 ; loss: 0.00040
2019-04-29 21:39:42,765:INFO: - Found new best validation metric
2019-04-29 21:39:42,765:INFO: Epoch 45/80
2019-04-29 21:41:01,981:INFO: - Train metrics: psnr: 34.60760 ; ssim: 0.95515 ; loss: 0.00036
2019-04-29 21:41:20,185:INFO: - Eval metrics : psnr: 34.46248 ; ssim: 0.95470 ; loss: 0.00040
2019-04-29 21:41:20,193:INFO: Epoch 46/80
2019-04-29 21:42:39,333:INFO: - Train metrics: psnr: 35.41992 ; ssim: 0.95006 ; loss: 0.00029
2019-04-29 21:42:57,312:INFO: - Eval metrics : psnr: 34.46266 ; ssim: 0.95470 ; loss: 0.00040
2019-04-29 21:42:57,319:INFO: Epoch 47/80
2019-04-29 21:44:16,523:INFO: - Train metrics: psnr: 34.71445 ; ssim: 0.95620 ; loss: 0.00039
2019-04-29 21:44:34,354:INFO: - Eval metrics : psnr: 34.46518 ; ssim: 0.95469 ; loss: 0.00040
2019-04-29 21:44:34,362:INFO: - Found new best validation metric
2019-04-29 21:44:34,362:INFO: Epoch 48/80
2019-04-29 21:45:53,500:INFO: - Train metrics: psnr: 35.03199 ; ssim: 0.95610 ; loss: 0.00034
2019-04-29 21:46:11,366:INFO: - Eval metrics : psnr: 34.46697 ; ssim: 0.95470 ; loss: 0.00040
2019-04-29 21:46:11,374:INFO: - Found new best validation metric
2019-04-29 21:46:11,374:INFO: Epoch 49/80
2019-04-29 21:47:30,512:INFO: - Train metrics: psnr: 34.95256 ; ssim: 0.95661 ; loss: 0.00035
2019-04-29 21:47:48,351:INFO: - Eval metrics : psnr: 34.46928 ; ssim: 0.95469 ; loss: 0.00040
2019-04-29 21:47:48,359:INFO: - Found new best validation metric
2019-04-29 21:47:48,360:INFO: Epoch 50/80
2019-04-29 21:49:07,374:INFO: - Train metrics: psnr: 34.88911 ; ssim: 0.95546 ; loss: 0.00037
2019-04-29 21:49:25,293:INFO: - Eval metrics : psnr: 34.47048 ; ssim: 0.95470 ; loss: 0.00040
2019-04-29 21:49:25,302:INFO: - Found new best validation metric
2019-04-29 21:49:25,302:INFO: Epoch 51/80
2019-04-29 21:50:44,238:INFO: - Train metrics: psnr: 34.68762 ; ssim: 0.95371 ; loss: 0.00039
2019-04-29 21:51:02,499:INFO: - Eval metrics : psnr: 34.47002 ; ssim: 0.95471 ; loss: 0.00040
2019-04-29 21:51:02,507:INFO: Epoch 52/80
2019-04-29 21:52:21,456:INFO: - Train metrics: psnr: 33.36860 ; ssim: 0.94957 ; loss: 0.00049
2019-04-29 21:52:39,538:INFO: - Eval metrics : psnr: 34.47010 ; ssim: 0.95471 ; loss: 0.00040
2019-04-29 21:52:39,546:INFO: Epoch 53/80
2019-04-29 21:53:58,449:INFO: - Train metrics: psnr: 35.44676 ; ssim: 0.95324 ; loss: 0.00030
2019-04-29 21:54:16,192:INFO: - Eval metrics : psnr: 34.46996 ; ssim: 0.95472 ; loss: 0.00040
2019-04-29 21:54:16,200:INFO: Epoch 54/80
2019-04-29 21:55:35,231:INFO: - Train metrics: psnr: 34.84709 ; ssim: 0.95098 ; loss: 0.00037
2019-04-29 21:55:53,170:INFO: - Eval metrics : psnr: 34.47000 ; ssim: 0.95472 ; loss: 0.00040
2019-04-29 21:55:53,177:INFO: Epoch 55/80
2019-04-29 21:57:12,480:INFO: - Train metrics: psnr: 35.21172 ; ssim: 0.95467 ; loss: 0.00034
2019-04-29 21:57:30,334:INFO: - Eval metrics : psnr: 34.47031 ; ssim: 0.95472 ; loss: 0.00040
2019-04-29 21:57:30,342:INFO: Epoch 56/80
2019-04-29 21:58:49,499:INFO: - Train metrics: psnr: 35.76051 ; ssim: 0.95716 ; loss: 0.00029
2019-04-29 21:59:07,364:INFO: - Eval metrics : psnr: 34.47022 ; ssim: 0.95472 ; loss: 0.00040
2019-04-29 21:59:07,372:INFO: Epoch 57/80
2019-04-29 22:00:26,377:INFO: - Train metrics: psnr: 35.37749 ; ssim: 0.95849 ; loss: 0.00033
2019-04-29 22:00:44,145:INFO: - Eval metrics : psnr: 34.47039 ; ssim: 0.95472 ; loss: 0.00040
2019-04-29 22:00:44,152:INFO: Epoch 58/80
2019-04-29 22:02:03,225:INFO: - Train metrics: psnr: 34.68607 ; ssim: 0.95547 ; loss: 0.00037
2019-04-29 22:02:21,165:INFO: - Eval metrics : psnr: 34.47064 ; ssim: 0.95472 ; loss: 0.00040
2019-04-29 22:02:21,173:INFO: - Found new best validation metric
2019-04-29 22:02:21,174:INFO: Epoch 59/80
2019-04-29 22:03:40,151:INFO: - Train metrics: psnr: 34.70760 ; ssim: 0.95042 ; loss: 0.00037
2019-04-29 22:03:57,830:INFO: - Eval metrics : psnr: 34.47057 ; ssim: 0.95472 ; loss: 0.00040
2019-04-29 22:03:57,837:INFO: Epoch 60/80
2019-04-29 22:05:16,663:INFO: - Train metrics: psnr: 35.76127 ; ssim: 0.95376 ; loss: 0.00028
2019-04-29 22:05:34,478:INFO: - Eval metrics : psnr: 34.47060 ; ssim: 0.95472 ; loss: 0.00040
2019-04-29 22:05:34,486:INFO: Epoch 61/80
2019-04-29 22:06:53,551:INFO: - Train metrics: psnr: 35.14927 ; ssim: 0.95740 ; loss: 0.00034
2019-04-29 22:07:11,413:INFO: - Eval metrics : psnr: 34.47117 ; ssim: 0.95472 ; loss: 0.00040
2019-04-29 22:07:11,422:INFO: - Found new best validation metric
2019-04-29 22:07:11,422:INFO: Epoch 62/80
2019-04-29 22:08:30,442:INFO: - Train metrics: psnr: 34.63743 ; ssim: 0.95890 ; loss: 0.00040
2019-04-29 22:08:48,480:INFO: - Eval metrics : psnr: 34.47112 ; ssim: 0.95472 ; loss: 0.00040
2019-04-29 22:08:48,487:INFO: Epoch 63/80
2019-04-29 22:10:07,508:INFO: - Train metrics: psnr: 34.99328 ; ssim: 0.95648 ; loss: 0.00034
2019-04-29 22:10:25,495:INFO: - Eval metrics : psnr: 34.47124 ; ssim: 0.95472 ; loss: 0.00040
2019-04-29 22:10:25,503:INFO: - Found new best validation metric
2019-04-29 22:10:25,504:INFO: Epoch 64/80
2019-04-29 22:11:44,541:INFO: - Train metrics: psnr: 34.34821 ; ssim: 0.95514 ; loss: 0.00042
2019-04-29 22:12:02,549:INFO: - Eval metrics : psnr: 34.47116 ; ssim: 0.95472 ; loss: 0.00040
2019-04-29 22:12:02,556:INFO: Epoch 65/80
2019-04-29 22:13:21,602:INFO: - Train metrics: psnr: 34.58807 ; ssim: 0.95404 ; loss: 0.00038
2019-04-29 22:13:39,496:INFO: - Eval metrics : psnr: 34.47104 ; ssim: 0.95472 ; loss: 0.00040
2019-04-29 22:13:39,504:INFO: Epoch 66/80
2019-04-29 22:14:58,556:INFO: - Train metrics: psnr: 35.44098 ; ssim: 0.95735 ; loss: 0.00030
2019-04-29 22:15:16,499:INFO: - Eval metrics : psnr: 34.47124 ; ssim: 0.95472 ; loss: 0.00040
2019-04-29 22:15:16,507:INFO: - Found new best validation metric
2019-04-29 22:15:16,508:INFO: Epoch 67/80
2019-04-29 22:16:35,605:INFO: - Train metrics: psnr: 34.97868 ; ssim: 0.95582 ; loss: 0.00036
2019-04-29 22:16:53,860:INFO: - Eval metrics : psnr: 34.47159 ; ssim: 0.95472 ; loss: 0.00040
2019-04-29 22:16:53,868:INFO: - Found new best validation metric
2019-04-29 22:16:53,868:INFO: Epoch 68/80
2019-04-29 22:18:12,793:INFO: - Train metrics: psnr: 34.86210 ; ssim: 0.95536 ; loss: 0.00038
2019-04-29 22:18:30,683:INFO: - Eval metrics : psnr: 34.47190 ; ssim: 0.95472 ; loss: 0.00040
2019-04-29 22:18:30,692:INFO: - Found new best validation metric
2019-04-29 22:18:30,692:INFO: Epoch 69/80
2019-04-29 22:19:49,787:INFO: - Train metrics: psnr: 35.27546 ; ssim: 0.95643 ; loss: 0.00033
2019-04-29 22:20:07,712:INFO: - Eval metrics : psnr: 34.47181 ; ssim: 0.95472 ; loss: 0.00040
2019-04-29 22:20:07,719:INFO: Epoch 70/80
2019-04-29 22:21:26,737:INFO: - Train metrics: psnr: 34.26883 ; ssim: 0.95680 ; loss: 0.00042
2019-04-29 22:21:44,524:INFO: - Eval metrics : psnr: 34.47211 ; ssim: 0.95472 ; loss: 0.00040
2019-04-29 22:21:44,532:INFO: - Found new best validation metric
2019-04-29 22:21:44,532:INFO: Epoch 71/80
2019-04-29 22:23:03,524:INFO: - Train metrics: psnr: 34.68023 ; ssim: 0.95334 ; loss: 0.00040
2019-04-29 22:23:21,336:INFO: - Eval metrics : psnr: 34.47213 ; ssim: 0.95472 ; loss: 0.00040
2019-04-29 22:23:21,343:INFO: - Found new best validation metric
2019-04-29 22:23:21,344:INFO: Epoch 72/80
2019-04-29 22:24:40,411:INFO: - Train metrics: psnr: 35.40733 ; ssim: 0.95424 ; loss: 0.00030
2019-04-29 22:24:58,087:INFO: - Eval metrics : psnr: 34.47248 ; ssim: 0.95472 ; loss: 0.00040
2019-04-29 22:24:58,095:INFO: - Found new best validation metric
2019-04-29 22:24:58,095:INFO: Epoch 73/80
2019-04-29 22:26:17,086:INFO: - Train metrics: psnr: 35.52066 ; ssim: 0.94952 ; loss: 0.00029
2019-04-29 22:26:34,905:INFO: - Eval metrics : psnr: 34.47234 ; ssim: 0.95472 ; loss: 0.00040
2019-04-29 22:26:34,912:INFO: Epoch 74/80
2019-04-29 22:27:54,108:INFO: - Train metrics: psnr: 34.36465 ; ssim: 0.95537 ; loss: 0.00040
2019-04-29 22:28:12,019:INFO: - Eval metrics : psnr: 34.47245 ; ssim: 0.95473 ; loss: 0.00040
2019-04-29 22:28:12,027:INFO: Epoch 75/80
2019-04-29 22:29:31,132:INFO: - Train metrics: psnr: 34.10330 ; ssim: 0.95371 ; loss: 0.00044
2019-04-29 22:29:49,320:INFO: - Eval metrics : psnr: 34.47271 ; ssim: 0.95473 ; loss: 0.00040
2019-04-29 22:29:49,328:INFO: - Found new best validation metric
2019-04-29 22:29:49,329:INFO: Epoch 76/80
2019-04-29 22:31:08,196:INFO: - Train metrics: psnr: 35.53138 ; ssim: 0.95529 ; loss: 0.00030
2019-04-29 22:31:25,996:INFO: - Eval metrics : psnr: 34.47269 ; ssim: 0.95473 ; loss: 0.00040
2019-04-29 22:31:26,004:INFO: Epoch 77/80
2019-04-29 22:32:44,919:INFO: - Train metrics: psnr: 35.26795 ; ssim: 0.95380 ; loss: 0.00033
2019-04-29 22:33:02,788:INFO: - Eval metrics : psnr: 34.47289 ; ssim: 0.95473 ; loss: 0.00040
2019-04-29 22:33:02,796:INFO: - Found new best validation metric
2019-04-29 22:33:02,796:INFO: Epoch 78/80
2019-04-29 22:34:21,736:INFO: - Train metrics: psnr: 34.98055 ; ssim: 0.95580 ; loss: 0.00036
2019-04-29 22:34:39,346:INFO: - Eval metrics : psnr: 34.47300 ; ssim: 0.95473 ; loss: 0.00040
2019-04-29 22:34:39,354:INFO: - Found new best validation metric
2019-04-29 22:34:39,354:INFO: Epoch 79/80
2019-04-29 22:35:58,302:INFO: - Train metrics: psnr: 35.40947 ; ssim: 0.95849 ; loss: 0.00030
2019-04-29 22:36:16,023:INFO: - Eval metrics : psnr: 34.47303 ; ssim: 0.95473 ; loss: 0.00040
2019-04-29 22:36:16,031:INFO: - Found new best validation metric
2019-04-29 22:36:16,031:INFO: Epoch 80/80
2019-04-29 22:37:35,296:INFO: - Train metrics: psnr: 36.20469 ; ssim: 0.95932 ; loss: 0.00026
2019-04-29 22:37:53,030:INFO: - Eval metrics : psnr: 34.47333 ; ssim: 0.95473 ; loss: 0.00040
2019-04-29 22:37:53,038:INFO: - Found new best validation metric
