2019-05-01 14:52:58,495:INFO: Loading the datasets...
2019-05-01 14:52:58,500:INFO: - done.
2019-05-01 14:53:00,415:INFO: Starting training for 80 epoch(s)
2019-05-01 14:53:00,416:INFO: Epoch 1/80
2019-05-01 14:54:26,584:INFO: - Train metrics: psnr: 25.36229 ; ssim: 0.83270 ; loss: 0.00376
2019-05-01 14:54:43,335:INFO: - Eval metrics : psnr: 27.33986 ; ssim: 0.84100 ; loss: 0.00191
2019-05-01 14:54:43,346:INFO: - Found new best validation metric
2019-05-01 14:54:43,346:INFO: Epoch 2/80
2019-05-01 14:56:06,472:INFO: - Train metrics: psnr: 27.28467 ; ssim: 0.84497 ; loss: 0.00194
2019-05-01 14:56:22,805:INFO: - Eval metrics : psnr: 27.72006 ; ssim: 0.84511 ; loss: 0.00175
2019-05-01 14:56:22,816:INFO: - Found new best validation metric
2019-05-01 14:56:22,816:INFO: Epoch 3/80
2019-05-01 14:57:46,788:INFO: - Train metrics: psnr: 28.17337 ; ssim: 0.85481 ; loss: 0.00159
2019-05-01 14:58:05,486:INFO: - Eval metrics : psnr: 28.69341 ; ssim: 0.85917 ; loss: 0.00140
2019-05-01 14:58:05,495:INFO: - Found new best validation metric
2019-05-01 14:58:05,496:INFO: Epoch 4/80
2019-05-01 14:59:29,723:INFO: - Train metrics: psnr: 27.80937 ; ssim: 0.84607 ; loss: 0.00169
2019-05-01 14:59:46,139:INFO: - Eval metrics : psnr: 28.99500 ; ssim: 0.86443 ; loss: 0.00131
2019-05-01 14:59:46,149:INFO: - Found new best validation metric
2019-05-01 14:59:46,149:INFO: Epoch 5/80
2019-05-01 15:01:09,240:INFO: - Train metrics: psnr: 28.76104 ; ssim: 0.85729 ; loss: 0.00148
2019-05-01 15:01:25,614:INFO: - Eval metrics : psnr: 29.14483 ; ssim: 0.86697 ; loss: 0.00127
2019-05-01 15:01:25,623:INFO: - Found new best validation metric
2019-05-01 15:01:25,623:INFO: Epoch 6/80
2019-05-01 15:02:48,803:INFO: - Train metrics: psnr: 28.10178 ; ssim: 0.86336 ; loss: 0.00167
2019-05-01 15:03:05,033:INFO: - Eval metrics : psnr: 29.20217 ; ssim: 0.86727 ; loss: 0.00125
2019-05-01 15:03:05,043:INFO: - Found new best validation metric
2019-05-01 15:03:05,043:INFO: Epoch 7/80
2019-05-01 15:04:28,232:INFO: - Train metrics: psnr: 29.14199 ; ssim: 0.87380 ; loss: 0.00129
2019-05-01 15:04:45,234:INFO: - Eval metrics : psnr: 29.25840 ; ssim: 0.86812 ; loss: 0.00123
2019-05-01 15:04:45,244:INFO: - Found new best validation metric
2019-05-01 15:04:45,244:INFO: Epoch 8/80
2019-05-01 15:06:08,499:INFO: - Train metrics: psnr: 29.20544 ; ssim: 0.87184 ; loss: 0.00126
2019-05-01 15:06:25,651:INFO: - Eval metrics : psnr: 29.25708 ; ssim: 0.86870 ; loss: 0.00123
2019-05-01 15:06:25,661:INFO: Epoch 9/80
2019-05-01 15:07:49,035:INFO: - Train metrics: psnr: 29.24830 ; ssim: 0.87674 ; loss: 0.00131
2019-05-01 15:08:06,135:INFO: - Eval metrics : psnr: 29.32839 ; ssim: 0.86992 ; loss: 0.00121
2019-05-01 15:08:06,145:INFO: - Found new best validation metric
2019-05-01 15:08:06,145:INFO: Epoch 10/80
2019-05-01 15:09:29,390:INFO: - Train metrics: psnr: 28.41173 ; ssim: 0.86371 ; loss: 0.00159
2019-05-01 15:09:45,916:INFO: - Eval metrics : psnr: 29.36164 ; ssim: 0.87011 ; loss: 0.00120
2019-05-01 15:09:45,925:INFO: - Found new best validation metric
2019-05-01 15:09:45,926:INFO: Epoch 11/80
2019-05-01 15:11:09,143:INFO: - Train metrics: psnr: 28.68447 ; ssim: 0.86969 ; loss: 0.00142
2019-05-01 15:11:25,509:INFO: - Eval metrics : psnr: 29.38283 ; ssim: 0.87096 ; loss: 0.00120
2019-05-01 15:11:25,518:INFO: - Found new best validation metric
2019-05-01 15:11:25,519:INFO: Epoch 12/80
2019-05-01 15:12:48,858:INFO: - Train metrics: psnr: 28.69764 ; ssim: 0.86543 ; loss: 0.00147
2019-05-01 15:13:05,786:INFO: - Eval metrics : psnr: 29.39066 ; ssim: 0.87105 ; loss: 0.00120
2019-05-01 15:13:05,796:INFO: - Found new best validation metric
2019-05-01 15:13:05,796:INFO: Epoch 13/80
2019-05-01 15:14:29,127:INFO: - Train metrics: psnr: 29.35762 ; ssim: 0.86612 ; loss: 0.00120
2019-05-01 15:14:45,698:INFO: - Eval metrics : psnr: 29.39497 ; ssim: 0.87104 ; loss: 0.00120
2019-05-01 15:14:45,707:INFO: - Found new best validation metric
2019-05-01 15:14:45,708:INFO: Epoch 14/80
2019-05-01 15:16:09,087:INFO: - Train metrics: psnr: 28.65137 ; ssim: 0.86538 ; loss: 0.00161
2019-05-01 15:16:25,453:INFO: - Eval metrics : psnr: 29.39885 ; ssim: 0.87119 ; loss: 0.00120
2019-05-01 15:16:25,462:INFO: - Found new best validation metric
2019-05-01 15:16:25,463:INFO: Epoch 15/80
2019-05-01 15:17:48,848:INFO: - Train metrics: psnr: 28.83693 ; ssim: 0.86266 ; loss: 0.00147
2019-05-01 15:18:05,310:INFO: - Eval metrics : psnr: 29.40003 ; ssim: 0.87121 ; loss: 0.00119
2019-05-01 15:18:05,319:INFO: - Found new best validation metric
2019-05-01 15:18:05,320:INFO: Epoch 16/80
2019-05-01 15:19:28,978:INFO: - Train metrics: psnr: 28.03846 ; ssim: 0.86868 ; loss: 0.00167
2019-05-01 15:19:45,524:INFO: - Eval metrics : psnr: 29.40080 ; ssim: 0.87121 ; loss: 0.00119
2019-05-01 15:19:45,533:INFO: - Found new best validation metric
2019-05-01 15:19:45,533:INFO: Epoch 17/80
2019-05-01 15:21:09,090:INFO: - Train metrics: psnr: 28.83664 ; ssim: 0.86832 ; loss: 0.00138
2019-05-01 15:21:26,131:INFO: - Eval metrics : psnr: 29.39764 ; ssim: 0.87108 ; loss: 0.00120
2019-05-01 15:21:26,140:INFO: Epoch 18/80
2019-05-01 15:22:49,739:INFO: - Train metrics: psnr: 29.25831 ; ssim: 0.86731 ; loss: 0.00128
2019-05-01 15:23:06,531:INFO: - Eval metrics : psnr: 29.39879 ; ssim: 0.87108 ; loss: 0.00120
2019-05-01 15:23:06,540:INFO: Epoch 19/80
2019-05-01 15:24:30,090:INFO: - Train metrics: psnr: 29.60955 ; ssim: 0.87707 ; loss: 0.00130
2019-05-01 15:24:47,572:INFO: - Eval metrics : psnr: 29.40102 ; ssim: 0.87109 ; loss: 0.00119
2019-05-01 15:24:47,582:INFO: - Found new best validation metric
2019-05-01 15:24:47,583:INFO: Epoch 20/80
2019-05-01 15:26:11,201:INFO: - Train metrics: psnr: 28.16598 ; ssim: 0.86432 ; loss: 0.00172
2019-05-01 15:26:27,999:INFO: - Eval metrics : psnr: 29.41381 ; ssim: 0.87146 ; loss: 0.00119
2019-05-01 15:26:28,009:INFO: - Found new best validation metric
2019-05-01 15:26:28,010:INFO: Epoch 21/80
2019-05-01 15:27:51,728:INFO: - Train metrics: psnr: 28.76894 ; ssim: 0.86865 ; loss: 0.00141
2019-05-01 15:28:08,971:INFO: - Eval metrics : psnr: 29.41455 ; ssim: 0.87129 ; loss: 0.00119
2019-05-01 15:28:08,981:INFO: - Found new best validation metric
2019-05-01 15:28:08,982:INFO: Epoch 22/80
2019-05-01 15:29:32,676:INFO: - Train metrics: psnr: 29.17204 ; ssim: 0.86888 ; loss: 0.00130
2019-05-01 15:29:48,266:INFO: - Eval metrics : psnr: 29.41628 ; ssim: 0.87147 ; loss: 0.00119
2019-05-01 15:29:48,275:INFO: - Found new best validation metric
2019-05-01 15:29:48,276:INFO: Epoch 23/80
2019-05-01 15:31:11,630:INFO: - Train metrics: psnr: 28.31284 ; ssim: 0.87202 ; loss: 0.00158
2019-05-01 15:31:27,793:INFO: - Eval metrics : psnr: 29.41882 ; ssim: 0.87158 ; loss: 0.00119
2019-05-01 15:31:27,802:INFO: - Found new best validation metric
2019-05-01 15:31:27,803:INFO: Epoch 24/80
2019-05-01 15:32:51,084:INFO: - Train metrics: psnr: 28.91987 ; ssim: 0.87258 ; loss: 0.00141
2019-05-01 15:33:06,938:INFO: - Eval metrics : psnr: 29.41472 ; ssim: 0.87123 ; loss: 0.00119
2019-05-01 15:33:06,948:INFO: Epoch 25/80
2019-05-01 15:34:30,104:INFO: - Train metrics: psnr: 29.32964 ; ssim: 0.87367 ; loss: 0.00121
2019-05-01 15:34:46,034:INFO: - Eval metrics : psnr: 29.42309 ; ssim: 0.87136 ; loss: 0.00119
2019-05-01 15:34:46,043:INFO: - Found new best validation metric
2019-05-01 15:34:46,044:INFO: Epoch 26/80
2019-05-01 15:36:08,971:INFO: - Train metrics: psnr: 29.06850 ; ssim: 0.87816 ; loss: 0.00131
2019-05-01 15:36:25,084:INFO: - Eval metrics : psnr: 29.42872 ; ssim: 0.87160 ; loss: 0.00119
2019-05-01 15:36:25,093:INFO: - Found new best validation metric
2019-05-01 15:36:25,094:INFO: Epoch 27/80
2019-05-01 15:37:48,055:INFO: - Train metrics: psnr: 28.98092 ; ssim: 0.86649 ; loss: 0.00143
2019-05-01 15:38:04,062:INFO: - Eval metrics : psnr: 29.42475 ; ssim: 0.87155 ; loss: 0.00119
2019-05-01 15:38:04,071:INFO: Epoch 28/80
2019-05-01 15:39:27,145:INFO: - Train metrics: psnr: 28.24505 ; ssim: 0.86399 ; loss: 0.00171
2019-05-01 15:39:43,636:INFO: - Eval metrics : psnr: 29.42306 ; ssim: 0.87143 ; loss: 0.00119
2019-05-01 15:39:43,645:INFO: Epoch 29/80
2019-05-01 15:41:07,059:INFO: - Train metrics: psnr: 29.03941 ; ssim: 0.86941 ; loss: 0.00130
2019-05-01 15:41:23,940:INFO: - Eval metrics : psnr: 29.42664 ; ssim: 0.87150 ; loss: 0.00119
2019-05-01 15:41:23,950:INFO: Epoch 30/80
2019-05-01 15:42:47,525:INFO: - Train metrics: psnr: 28.59368 ; ssim: 0.87511 ; loss: 0.00148
2019-05-01 15:43:04,336:INFO: - Eval metrics : psnr: 29.43828 ; ssim: 0.87182 ; loss: 0.00118
2019-05-01 15:43:04,347:INFO: - Found new best validation metric
2019-05-01 15:43:04,347:INFO: Epoch 31/80
2019-05-01 15:44:27,714:INFO: - Train metrics: psnr: 29.04661 ; ssim: 0.87279 ; loss: 0.00138
2019-05-01 15:44:44,589:INFO: - Eval metrics : psnr: 29.43414 ; ssim: 0.87166 ; loss: 0.00119
2019-05-01 15:44:44,598:INFO: Epoch 32/80
2019-05-01 15:46:07,718:INFO: - Train metrics: psnr: 29.86386 ; ssim: 0.87031 ; loss: 0.00112
2019-05-01 15:46:24,621:INFO: - Eval metrics : psnr: 29.42926 ; ssim: 0.87167 ; loss: 0.00119
2019-05-01 15:46:24,630:INFO: Epoch 33/80
2019-05-01 15:47:47,711:INFO: - Train metrics: psnr: 28.40084 ; ssim: 0.86631 ; loss: 0.00155
2019-05-01 15:48:04,422:INFO: - Eval metrics : psnr: 29.43073 ; ssim: 0.87168 ; loss: 0.00119
2019-05-01 15:48:04,431:INFO: Epoch 34/80
2019-05-01 15:49:27,601:INFO: - Train metrics: psnr: 28.83452 ; ssim: 0.86650 ; loss: 0.00136
2019-05-01 15:49:44,380:INFO: - Eval metrics : psnr: 29.44637 ; ssim: 0.87176 ; loss: 0.00118
2019-05-01 15:49:44,390:INFO: - Found new best validation metric
2019-05-01 15:49:44,390:INFO: Epoch 35/80
2019-05-01 15:51:07,473:INFO: - Train metrics: psnr: 28.93808 ; ssim: 0.87075 ; loss: 0.00138
2019-05-01 15:51:24,145:INFO: - Eval metrics : psnr: 29.44618 ; ssim: 0.87171 ; loss: 0.00118
2019-05-01 15:51:24,155:INFO: Epoch 36/80
2019-05-01 15:52:47,222:INFO: - Train metrics: psnr: 28.40042 ; ssim: 0.86474 ; loss: 0.00156
2019-05-01 15:53:03,904:INFO: - Eval metrics : psnr: 29.44267 ; ssim: 0.87155 ; loss: 0.00118
2019-05-01 15:53:03,914:INFO: Epoch 37/80
2019-05-01 15:54:27,059:INFO: - Train metrics: psnr: 28.42781 ; ssim: 0.86332 ; loss: 0.00156
2019-05-01 15:54:43,384:INFO: - Eval metrics : psnr: 29.44606 ; ssim: 0.87161 ; loss: 0.00118
2019-05-01 15:54:43,393:INFO: Epoch 38/80
2019-05-01 15:56:06,318:INFO: - Train metrics: psnr: 29.46535 ; ssim: 0.87467 ; loss: 0.00121
2019-05-01 15:56:22,254:INFO: - Eval metrics : psnr: 29.45277 ; ssim: 0.87193 ; loss: 0.00118
2019-05-01 15:56:22,264:INFO: - Found new best validation metric
2019-05-01 15:56:22,264:INFO: Epoch 39/80
2019-05-01 15:57:45,265:INFO: - Train metrics: psnr: 29.29969 ; ssim: 0.87154 ; loss: 0.00125
2019-05-01 15:58:01,005:INFO: - Eval metrics : psnr: 29.44771 ; ssim: 0.87166 ; loss: 0.00118
2019-05-01 15:58:01,014:INFO: Epoch 40/80
2019-05-01 15:59:24,418:INFO: - Train metrics: psnr: 28.31286 ; ssim: 0.86564 ; loss: 0.00156
2019-05-01 15:59:40,873:INFO: - Eval metrics : psnr: 29.45433 ; ssim: 0.87207 ; loss: 0.00118
2019-05-01 15:59:40,882:INFO: - Found new best validation metric
2019-05-01 15:59:40,883:INFO: Epoch 41/80
2019-05-01 16:01:04,017:INFO: - Train metrics: psnr: 28.22954 ; ssim: 0.86668 ; loss: 0.00161
2019-05-01 16:01:21,033:INFO: - Eval metrics : psnr: 29.45521 ; ssim: 0.87190 ; loss: 0.00118
2019-05-01 16:01:21,044:INFO: - Found new best validation metric
2019-05-01 16:01:21,044:INFO: Epoch 42/80
2019-05-01 16:02:44,692:INFO: - Train metrics: psnr: 29.16926 ; ssim: 0.87235 ; loss: 0.00135
2019-05-01 16:03:01,584:INFO: - Eval metrics : psnr: 29.45724 ; ssim: 0.87197 ; loss: 0.00118
2019-05-01 16:03:01,595:INFO: - Found new best validation metric
2019-05-01 16:03:01,595:INFO: Epoch 43/80
2019-05-01 16:04:25,006:INFO: - Train metrics: psnr: 29.05168 ; ssim: 0.87485 ; loss: 0.00132
2019-05-01 16:04:41,624:INFO: - Eval metrics : psnr: 29.45787 ; ssim: 0.87196 ; loss: 0.00118
2019-05-01 16:04:41,634:INFO: - Found new best validation metric
2019-05-01 16:04:41,634:INFO: Epoch 44/80
2019-05-01 16:06:05,012:INFO: - Train metrics: psnr: 29.65566 ; ssim: 0.88334 ; loss: 0.00120
2019-05-01 16:06:21,713:INFO: - Eval metrics : psnr: 29.45791 ; ssim: 0.87201 ; loss: 0.00118
2019-05-01 16:06:21,723:INFO: - Found new best validation metric
2019-05-01 16:06:21,723:INFO: Epoch 45/80
2019-05-01 16:07:45,042:INFO: - Train metrics: psnr: 29.32692 ; ssim: 0.87288 ; loss: 0.00129
2019-05-01 16:08:01,853:INFO: - Eval metrics : psnr: 29.45852 ; ssim: 0.87198 ; loss: 0.00118
2019-05-01 16:08:01,864:INFO: - Found new best validation metric
2019-05-01 16:08:01,864:INFO: Epoch 46/80
2019-05-01 16:09:25,277:INFO: - Train metrics: psnr: 28.85767 ; ssim: 0.86063 ; loss: 0.00141
2019-05-01 16:09:42,169:INFO: - Eval metrics : psnr: 29.45969 ; ssim: 0.87201 ; loss: 0.00118
2019-05-01 16:09:42,180:INFO: - Found new best validation metric
2019-05-01 16:09:42,180:INFO: Epoch 47/80
2019-05-01 16:11:05,528:INFO: - Train metrics: psnr: 29.14295 ; ssim: 0.87746 ; loss: 0.00139
2019-05-01 16:11:22,307:INFO: - Eval metrics : psnr: 29.45887 ; ssim: 0.87196 ; loss: 0.00118
2019-05-01 16:11:22,316:INFO: Epoch 48/80
2019-05-01 16:12:45,822:INFO: - Train metrics: psnr: 30.02990 ; ssim: 0.88232 ; loss: 0.00113
2019-05-01 16:13:03,187:INFO: - Eval metrics : psnr: 29.45955 ; ssim: 0.87201 ; loss: 0.00118
2019-05-01 16:13:03,197:INFO: Epoch 49/80
2019-05-01 16:14:26,683:INFO: - Train metrics: psnr: 29.38374 ; ssim: 0.87557 ; loss: 0.00121
2019-05-01 16:14:43,253:INFO: - Eval metrics : psnr: 29.45909 ; ssim: 0.87199 ; loss: 0.00118
2019-05-01 16:14:43,262:INFO: Epoch 50/80
2019-05-01 16:16:06,289:INFO: - Train metrics: psnr: 28.57033 ; ssim: 0.87417 ; loss: 0.00147
2019-05-01 16:16:22,480:INFO: - Eval metrics : psnr: 29.45789 ; ssim: 0.87190 ; loss: 0.00118
2019-05-01 16:16:22,488:INFO: Epoch 51/80
2019-05-01 16:17:45,555:INFO: - Train metrics: psnr: 29.42150 ; ssim: 0.87286 ; loss: 0.00128
2019-05-01 16:18:01,497:INFO: - Eval metrics : psnr: 29.45943 ; ssim: 0.87200 ; loss: 0.00118
2019-05-01 16:18:01,507:INFO: Epoch 52/80
2019-05-01 16:19:24,822:INFO: - Train metrics: psnr: 28.78258 ; ssim: 0.86524 ; loss: 0.00142
2019-05-01 16:19:41,811:INFO: - Eval metrics : psnr: 29.46047 ; ssim: 0.87204 ; loss: 0.00118
2019-05-01 16:19:41,823:INFO: - Found new best validation metric
2019-05-01 16:19:41,823:INFO: Epoch 53/80
2019-05-01 16:21:05,584:INFO: - Train metrics: psnr: 30.13945 ; ssim: 0.87698 ; loss: 0.00105
2019-05-01 16:21:22,372:INFO: - Eval metrics : psnr: 29.46003 ; ssim: 0.87197 ; loss: 0.00118
2019-05-01 16:21:22,381:INFO: Epoch 54/80
2019-05-01 16:22:45,655:INFO: - Train metrics: psnr: 28.60042 ; ssim: 0.86629 ; loss: 0.00149
2019-05-01 16:23:01,555:INFO: - Eval metrics : psnr: 29.45792 ; ssim: 0.87195 ; loss: 0.00118
2019-05-01 16:23:01,564:INFO: Epoch 55/80
2019-05-01 16:24:24,544:INFO: - Train metrics: psnr: 28.77103 ; ssim: 0.86903 ; loss: 0.00150
2019-05-01 16:24:40,389:INFO: - Eval metrics : psnr: 29.45863 ; ssim: 0.87205 ; loss: 0.00118
2019-05-01 16:24:40,398:INFO: Epoch 56/80
2019-05-01 16:26:03,299:INFO: - Train metrics: psnr: 28.79497 ; ssim: 0.87269 ; loss: 0.00144
2019-05-01 16:26:19,317:INFO: - Eval metrics : psnr: 29.46009 ; ssim: 0.87205 ; loss: 0.00118
2019-05-01 16:26:19,325:INFO: Epoch 57/80
2019-05-01 16:27:42,266:INFO: - Train metrics: psnr: 30.02951 ; ssim: 0.87884 ; loss: 0.00106
2019-05-01 16:27:58,061:INFO: - Eval metrics : psnr: 29.46135 ; ssim: 0.87201 ; loss: 0.00118
2019-05-01 16:27:58,071:INFO: - Found new best validation metric
2019-05-01 16:27:58,071:INFO: Epoch 58/80
2019-05-01 16:29:20,979:INFO: - Train metrics: psnr: 27.87945 ; ssim: 0.86502 ; loss: 0.00182
2019-05-01 16:29:37,191:INFO: - Eval metrics : psnr: 29.45979 ; ssim: 0.87198 ; loss: 0.00118
2019-05-01 16:29:37,201:INFO: Epoch 59/80
2019-05-01 16:31:00,230:INFO: - Train metrics: psnr: 29.51569 ; ssim: 0.87667 ; loss: 0.00119
2019-05-01 16:31:16,157:INFO: - Eval metrics : psnr: 29.45845 ; ssim: 0.87195 ; loss: 0.00118
2019-05-01 16:31:16,165:INFO: Epoch 60/80
2019-05-01 16:32:39,194:INFO: - Train metrics: psnr: 29.40064 ; ssim: 0.87463 ; loss: 0.00119
2019-05-01 16:32:55,075:INFO: - Eval metrics : psnr: 29.46179 ; ssim: 0.87199 ; loss: 0.00118
2019-05-01 16:32:55,084:INFO: - Found new best validation metric
2019-05-01 16:32:55,085:INFO: Epoch 61/80
2019-05-01 16:34:18,173:INFO: - Train metrics: psnr: 28.59134 ; ssim: 0.86047 ; loss: 0.00153
2019-05-01 16:34:34,268:INFO: - Eval metrics : psnr: 29.46243 ; ssim: 0.87205 ; loss: 0.00118
2019-05-01 16:34:34,278:INFO: - Found new best validation metric
2019-05-01 16:34:34,278:INFO: Epoch 62/80
2019-05-01 16:35:57,780:INFO: - Train metrics: psnr: 29.28063 ; ssim: 0.86744 ; loss: 0.00127
2019-05-01 16:36:14,864:INFO: - Eval metrics : psnr: 29.46119 ; ssim: 0.87201 ; loss: 0.00118
2019-05-01 16:36:14,873:INFO: Epoch 63/80
2019-05-01 16:37:38,290:INFO: - Train metrics: psnr: 28.40800 ; ssim: 0.87338 ; loss: 0.00157
2019-05-01 16:37:54,911:INFO: - Eval metrics : psnr: 29.46097 ; ssim: 0.87201 ; loss: 0.00118
2019-05-01 16:37:54,921:INFO: Epoch 64/80
2019-05-01 16:39:18,585:INFO: - Train metrics: psnr: 29.40924 ; ssim: 0.86369 ; loss: 0.00123
2019-05-01 16:39:35,677:INFO: - Eval metrics : psnr: 29.45938 ; ssim: 0.87200 ; loss: 0.00118
2019-05-01 16:39:35,687:INFO: Epoch 65/80
2019-05-01 16:40:59,398:INFO: - Train metrics: psnr: 28.66022 ; ssim: 0.86669 ; loss: 0.00144
2019-05-01 16:41:16,380:INFO: - Eval metrics : psnr: 29.46285 ; ssim: 0.87207 ; loss: 0.00118
2019-05-01 16:41:16,390:INFO: - Found new best validation metric
2019-05-01 16:41:16,391:INFO: Epoch 66/80
2019-05-01 16:42:40,004:INFO: - Train metrics: psnr: 28.56482 ; ssim: 0.85980 ; loss: 0.00150
2019-05-01 16:42:56,835:INFO: - Eval metrics : psnr: 29.46370 ; ssim: 0.87208 ; loss: 0.00118
2019-05-01 16:42:56,847:INFO: - Found new best validation metric
2019-05-01 16:42:56,847:INFO: Epoch 67/80
2019-05-01 16:44:20,017:INFO: - Train metrics: psnr: 29.14539 ; ssim: 0.86838 ; loss: 0.00126
2019-05-01 16:44:36,780:INFO: - Eval metrics : psnr: 29.46177 ; ssim: 0.87202 ; loss: 0.00118
2019-05-01 16:44:36,789:INFO: Epoch 68/80
2019-05-01 16:46:00,285:INFO: - Train metrics: psnr: 28.51948 ; ssim: 0.86814 ; loss: 0.00159
2019-05-01 16:46:17,147:INFO: - Eval metrics : psnr: 29.46292 ; ssim: 0.87206 ; loss: 0.00118
2019-05-01 16:46:17,156:INFO: Epoch 69/80
2019-05-01 16:47:40,925:INFO: - Train metrics: psnr: 28.66639 ; ssim: 0.86475 ; loss: 0.00142
2019-05-01 16:47:58,010:INFO: - Eval metrics : psnr: 29.46195 ; ssim: 0.87203 ; loss: 0.00118
2019-05-01 16:47:58,020:INFO: Epoch 70/80
2019-05-01 16:49:21,242:INFO: - Train metrics: psnr: 28.88784 ; ssim: 0.86849 ; loss: 0.00139
2019-05-01 16:49:37,474:INFO: - Eval metrics : psnr: 29.46377 ; ssim: 0.87208 ; loss: 0.00118
2019-05-01 16:49:37,483:INFO: - Found new best validation metric
2019-05-01 16:49:37,484:INFO: Epoch 71/80
2019-05-01 16:51:00,544:INFO: - Train metrics: psnr: 29.00454 ; ssim: 0.86050 ; loss: 0.00131
2019-05-01 16:51:16,487:INFO: - Eval metrics : psnr: 29.46405 ; ssim: 0.87206 ; loss: 0.00118
2019-05-01 16:51:16,497:INFO: - Found new best validation metric
2019-05-01 16:51:16,497:INFO: Epoch 72/80
2019-05-01 16:52:39,481:INFO: - Train metrics: psnr: 28.66224 ; ssim: 0.86561 ; loss: 0.00153
2019-05-01 16:52:55,309:INFO: - Eval metrics : psnr: 29.46540 ; ssim: 0.87210 ; loss: 0.00118
2019-05-01 16:52:55,318:INFO: - Found new best validation metric
2019-05-01 16:52:55,319:INFO: Epoch 73/80
2019-05-01 16:54:18,286:INFO: - Train metrics: psnr: 28.13670 ; ssim: 0.87329 ; loss: 0.00169
2019-05-01 16:54:34,323:INFO: - Eval metrics : psnr: 29.46243 ; ssim: 0.87198 ; loss: 0.00118
2019-05-01 16:54:34,332:INFO: Epoch 74/80
2019-05-01 16:55:57,504:INFO: - Train metrics: psnr: 28.05169 ; ssim: 0.86679 ; loss: 0.00165
2019-05-01 16:56:13,514:INFO: - Eval metrics : psnr: 29.46339 ; ssim: 0.87206 ; loss: 0.00118
2019-05-01 16:56:13,522:INFO: Epoch 75/80
2019-05-01 16:57:37,055:INFO: - Train metrics: psnr: 28.91160 ; ssim: 0.87259 ; loss: 0.00146
2019-05-01 16:57:53,960:INFO: - Eval metrics : psnr: 29.46295 ; ssim: 0.87206 ; loss: 0.00118
2019-05-01 16:57:53,969:INFO: Epoch 76/80
2019-05-01 16:59:16,999:INFO: - Train metrics: psnr: 28.76020 ; ssim: 0.87555 ; loss: 0.00152
2019-05-01 16:59:33,010:INFO: - Eval metrics : psnr: 29.46202 ; ssim: 0.87200 ; loss: 0.00118
2019-05-01 16:59:33,019:INFO: Epoch 77/80
2019-05-01 17:00:56,233:INFO: - Train metrics: psnr: 29.22336 ; ssim: 0.87300 ; loss: 0.00129
2019-05-01 17:01:12,987:INFO: - Eval metrics : psnr: 29.46428 ; ssim: 0.87203 ; loss: 0.00118
2019-05-01 17:01:12,996:INFO: Epoch 78/80
2019-05-01 17:02:36,362:INFO: - Train metrics: psnr: 29.81785 ; ssim: 0.87729 ; loss: 0.00110
2019-05-01 17:02:52,292:INFO: - Eval metrics : psnr: 29.46513 ; ssim: 0.87209 ; loss: 0.00118
2019-05-01 17:02:52,301:INFO: Epoch 79/80
2019-05-01 17:04:15,406:INFO: - Train metrics: psnr: 29.35147 ; ssim: 0.86944 ; loss: 0.00124
2019-05-01 17:04:31,186:INFO: - Eval metrics : psnr: 29.46579 ; ssim: 0.87209 ; loss: 0.00118
2019-05-01 17:04:31,196:INFO: - Found new best validation metric
2019-05-01 17:04:31,196:INFO: Epoch 80/80
2019-05-01 17:05:54,257:INFO: - Train metrics: psnr: 29.51441 ; ssim: 0.87701 ; loss: 0.00123
2019-05-01 17:06:10,199:INFO: - Eval metrics : psnr: 29.46347 ; ssim: 0.87203 ; loss: 0.00118
